Using pre-set license
Built from '2021.3/staging' branch; Version is '2021.3.18f1 (3129e69bc0c7) revision 3221990'; Using compiler version '192829333'; Build Type 'Release'
OS: 'Windows 11  (10.0.22621) 64bit Professional' Language: 'pt' Physical Memory: 32512 MB
BatchMode: 1, IsHumanControllingUs: 0, StartBugReporterOnCrash: 0, Is64bit: 1, IsPro: 1

COMMAND LINE ARGUMENTS:
C:\Users\Noturno\Documents\2021.3.18f1\Editor\Unity.exe
-adb2
-batchMode
-noUpm
-name
AssetImportWorker3
-projectPath
C:/Users/Noturno/Documents/GitHub/JogodeFps/Projeto3D
-logFile
Logs/AssetImportWorker3.log
-srvPort
50142
Successfully changed project path to: C:/Users/Noturno/Documents/GitHub/JogodeFps/Projeto3D
C:/Users/Noturno/Documents/GitHub/JogodeFps/Projeto3D
[UnityMemory] Configuration Parameters - Can be set up in boot.config
    "memorysetup-bucket-allocator-granularity=16"
    "memorysetup-bucket-allocator-bucket-count=8"
    "memorysetup-bucket-allocator-block-size=33554432"
    "memorysetup-bucket-allocator-block-count=8"
    "memorysetup-main-allocator-block-size=16777216"
    "memorysetup-thread-allocator-block-size=16777216"
    "memorysetup-gfx-main-allocator-block-size=16777216"
    "memorysetup-gfx-thread-allocator-block-size=16777216"
    "memorysetup-cache-allocator-block-size=4194304"
    "memorysetup-typetree-allocator-block-size=2097152"
    "memorysetup-profiler-bucket-allocator-granularity=16"
    "memorysetup-profiler-bucket-allocator-bucket-count=8"
    "memorysetup-profiler-bucket-allocator-block-size=33554432"
    "memorysetup-profiler-bucket-allocator-block-count=8"
    "memorysetup-profiler-allocator-block-size=16777216"
    "memorysetup-profiler-editor-allocator-block-size=1048576"
    "memorysetup-temp-allocator-size-main=16777216"
    "memorysetup-job-temp-allocator-block-size=2097152"
    "memorysetup-job-temp-allocator-block-size-background=1048576"
    "memorysetup-job-temp-allocator-reduction-small-platforms=262144"
    "memorysetup-temp-allocator-size-background-worker=32768"
    "memorysetup-temp-allocator-size-job-worker=262144"
    "memorysetup-temp-allocator-size-preload-manager=33554432"
    "memorysetup-temp-allocator-size-nav-mesh-worker=65536"
    "memorysetup-temp-allocator-size-audio-worker=65536"
    "memorysetup-temp-allocator-size-cloud-worker=32768"
    "memorysetup-temp-allocator-size-gi-baking-worker=262144"
    "memorysetup-temp-allocator-size-gfx=262144"
Player connection [18892] Host "[IP] 172.16.17.28 [Port] 0 [Flags] 2 [Guid] 2450395123 [EditorId] 2450395123 [Version] 1048832 [Id] WindowsEditor(7,LABJOGOS-28) [Debug] 1 [PackageName] WindowsEditor [ProjectName] Editor" joined multi-casting on [225.0.0.222:54997]...

Player connection [18892] Host "[IP] 172.16.17.28 [Port] 0 [Flags] 2 [Guid] 2450395123 [EditorId] 2450395123 [Version] 1048832 [Id] WindowsEditor(7,LABJOGOS-28) [Debug] 1 [PackageName] WindowsEditor [ProjectName] Editor" joined alternative multi-casting on [225.0.0.222:34997]...

Refreshing native plugins compatible for Editor in 109.62 ms, found 3 plugins.
Preloading 0 native plugins for Editor in 0.00 ms.
Initialize engine version: 2021.3.18f1 (3129e69bc0c7)
[Subsystems] Discovering subsystems at path C:/Users/Noturno/Documents/2021.3.18f1/Editor/Data/Resources/UnitySubsystems
[Subsystems] Discovering subsystems at path C:/Users/Noturno/Documents/GitHub/JogodeFps/Projeto3D/Assets
GfxDevice: creating device client; threaded=0; jobified=0
Direct3D:
    Version:  Direct3D 11.0 [level 11.1]
    Renderer: NVIDIA GeForce RTX 3060 (ID=0x2504)
    Vendor:   NVIDIA
    VRAM:     12129 MB
    Driver:   31.0.15.2656
Shader 'WFX/Transparent Diffuse': fallback shader 'Particles/Alpha Blended' not found
Shader 'WFX/Transparent Specular': fallback shader 'Particles/Alpha Blended' not found
Initialize mono
Mono path[0] = 'C:/Users/Noturno/Documents/2021.3.18f1/Editor/Data/Managed'
Mono path[1] = 'C:/Users/Noturno/Documents/2021.3.18f1/Editor/Data/MonoBleedingEdge/lib/mono/unityjit-win32'
Mono config path = 'C:/Users/Noturno/Documents/2021.3.18f1/Editor/Data/MonoBleedingEdge/etc'
Using monoOptions --debugger-agent=transport=dt_socket,embedding=1,server=y,suspend=n,address=127.0.0.1:56340
Begin MonoManager ReloadAssembly
Registering precompiled unity dll's ...
Register platform support module: C:/Users/Noturno/Documents/2021.3.18f1/Editor/Data/PlaybackEngines/WebGLSupport/UnityEditor.WebGL.Extensions.dll
Register platform support module: C:/Users/Noturno/Documents/2021.3.18f1/Editor/Data/PlaybackEngines/WindowsStandaloneSupport/UnityEditor.WindowsStandalone.Extensions.dll
Registered in 0.003039 seconds.
Native extension for WindowsStandalone target not found
Native extension for WebGL target not found
Refreshing native plugins compatible for Editor in 75.21 ms, found 3 plugins.
Preloading 0 native plugins for Editor in 0.00 ms.
Mono: successfully reloaded assembly
- Completed reload, in  0.625 seconds
Domain Reload Profiling:
	ReloadAssembly (625ms)
		BeginReloadAssembly (70ms)
			ExecutionOrderSort (0ms)
			DisableScriptedObjects (0ms)
			BackupInstance (0ms)
			ReleaseScriptingObjects (0ms)
			CreateAndSetChildDomain (1ms)
		EndReloadAssembly (460ms)
			LoadAssemblies (68ms)
			RebuildTransferFunctionScriptingTraits (0ms)
			SetupTypeCache (123ms)
			ReleaseScriptCaches (0ms)
			RebuildScriptCaches (26ms)
			SetupLoadedEditorAssemblies (257ms)
				LogAssemblyErrors (0ms)
				InitializePlatformSupportModulesInManaged (8ms)
				SetLoadedEditorAssemblies (0ms)
				RefreshPlugins (75ms)
				BeforeProcessingInitializeOnLoad (1ms)
				ProcessInitializeOnLoadAttributes (131ms)
				ProcessInitializeOnLoadMethodAttributes (41ms)
				AfterProcessingInitializeOnLoad (0ms)
				EditorAssembliesLoaded (0ms)
			ExecutionOrderSort2 (0ms)
			AwakeInstancesAfterBackupRestoration (0ms)
Platform modules already initialized, skipping
Registering precompiled user dll's ...
Registered in 0.003867 seconds.
Begin MonoManager ReloadAssembly
Symbol file LoadedFromMemory doesn't match image C:\Users\Noturno\Documents\GitHub\JogodeFps\Projeto3D\Library\PackageCache\com.unity.visualscripting@1.8.0\Editor\VisualScripting.Core\Dependencies\YamlDotNet\Unity.VisualScripting.YamlDotNet.dll
Symbol file LoadedFromMemory doesn't match image C:\Users\Noturno\Documents\GitHub\JogodeFps\Projeto3D\Library\PackageCache\com.unity.visualscripting@1.8.0\Editor\VisualScripting.Core\Dependencies\DotNetZip\Unity.VisualScripting.IonicZip.dll
Native extension for WindowsStandalone target not found
Native extension for WebGL target not found
Refreshing native plugins compatible for Editor in 0.53 ms, found 3 plugins.
Preloading 0 native plugins for Editor in 0.00 ms.
Mono: successfully reloaded assembly
- Completed reload, in  0.862 seconds
Domain Reload Profiling:
	ReloadAssembly (862ms)
		BeginReloadAssembly (96ms)
			ExecutionOrderSort (0ms)
			DisableScriptedObjects (7ms)
			BackupInstance (0ms)
			ReleaseScriptingObjects (0ms)
			CreateAndSetChildDomain (17ms)
		EndReloadAssembly (669ms)
			LoadAssemblies (63ms)
			RebuildTransferFunctionScriptingTraits (0ms)
			SetupTypeCache (230ms)
			ReleaseScriptCaches (0ms)
			RebuildScriptCaches (47ms)
			SetupLoadedEditorAssemblies (300ms)
				LogAssemblyErrors (0ms)
				InitializePlatformSupportModulesInManaged (5ms)
				SetLoadedEditorAssemblies (0ms)
				RefreshPlugins (1ms)
				BeforeProcessingInitializeOnLoad (71ms)
				ProcessInitializeOnLoadAttributes (205ms)
				ProcessInitializeOnLoadMethodAttributes (15ms)
				AfterProcessingInitializeOnLoad (3ms)
				EditorAssembliesLoaded (0ms)
			ExecutionOrderSort2 (0ms)
			AwakeInstancesAfterBackupRestoration (5ms)
Platform modules already initialized, skipping
========================================================================
Worker process is ready to serve import requests
Shader 'WFX/Transparent Diffuse': fallback shader 'Particles/Alpha Blended' not found
Shader 'WFX/Transparent Specular': fallback shader 'Particles/Alpha Blended' not found
Launched and connected shader compiler UnityShaderCompiler.exe after 0.03 seconds
Refreshing native plugins compatible for Editor in 0.78 ms, found 3 plugins.
Preloading 0 native plugins for Editor in 0.00 ms.
Unloading 3258 Unused Serialized files (Serialized files now loaded: 0)
Unloading 37 unused Assets / (1.3 MB). Loaded Objects now: 3717.
Memory consumption went from 129.8 MB to 128.4 MB.
Total: 3.853900 ms (FindLiveObjects: 0.318000 ms CreateObjectMapping: 0.214800 ms MarkObjects: 2.951100 ms  DeleteObjects: 0.369000 ms)

AssetImportParameters requested are different than current active one (requested -> active):
  custom:video-decoder-ogg-theora: a1e56fd34408186e4bbccfd4996cb3dc -> 
  custom:container-muxer-webm: aa71ff27fc2769a1b78a27578f13a17b -> 
  custom:container-demuxer-webm: 4f35f7cbe854078d1ac9338744f61a02 -> 
  custom:video-encoder-webm-vp8: eb34c28f22e8b96e1ab97ce403110664 -> 
  custom:video-codec-MediaFoundation-h265: 746d11721c4dcdbdad8f713fa42b33f4 -> 
  custom:audio-encoder-webm-vorbis: bf7c407c2cedff20999df2af8eb42d56 -> 
  custom:framework-win-MediaFoundation: 216162199b28c13a410421893ffa2e32 -> 
  custom:container-demuxer-ogg: 62fdf1f143b41e24485cea50d1cbac27 -> 
  custom:video-decoder-webm-vp8: 9c59270c3fd7afecdb556c50c9e8de78 -> 
  custom:audio-decoder-ogg-vorbis: bf7c407c2cedff20999df2af8eb42d56 -> 
========================================================================
Received Prepare
Registering precompiled user dll's ...
Registered in 0.003366 seconds.
Begin MonoManager ReloadAssembly
Symbol file LoadedFromMemory doesn't match image C:\Users\Noturno\Documents\GitHub\JogodeFps\Projeto3D\Library\PackageCache\com.unity.visualscripting@1.8.0\Editor\VisualScripting.Core\Dependencies\YamlDotNet\Unity.VisualScripting.YamlDotNet.dll
Symbol file LoadedFromMemory doesn't match image C:\Users\Noturno\Documents\GitHub\JogodeFps\Projeto3D\Library\PackageCache\com.unity.visualscripting@1.8.0\Editor\VisualScripting.Core\Dependencies\DotNetZip\Unity.VisualScripting.IonicZip.dll
Native extension for WindowsStandalone target not found
Native extension for WebGL target not found
Refreshing native plugins compatible for Editor in 0.51 ms, found 3 plugins.
Preloading 0 native plugins for Editor in 0.00 ms.
Mono: successfully reloaded assembly
- Completed reload, in  0.710 seconds
Domain Reload Profiling:
	ReloadAssembly (711ms)
		BeginReloadAssembly (97ms)
			ExecutionOrderSort (0ms)
			DisableScriptedObjects (4ms)
			BackupInstance (0ms)
			ReleaseScriptingObjects (0ms)
			CreateAndSetChildDomain (28ms)
		EndReloadAssembly (544ms)
			LoadAssemblies (57ms)
			RebuildTransferFunctionScriptingTraits (0ms)
			SetupTypeCache (188ms)
			ReleaseScriptCaches (1ms)
			RebuildScriptCaches (33ms)
			SetupLoadedEditorAssemblies (230ms)
				LogAssemblyErrors (0ms)
				InitializePlatformSupportModulesInManaged (11ms)
				SetLoadedEditorAssemblies (0ms)
				RefreshPlugins (1ms)
				BeforeProcessingInitializeOnLoad (51ms)
				ProcessInitializeOnLoadAttributes (149ms)
				ProcessInitializeOnLoadMethodAttributes (15ms)
				AfterProcessingInitializeOnLoad (4ms)
				EditorAssembliesLoaded (0ms)
			ExecutionOrderSort2 (0ms)
			AwakeInstancesAfterBackupRestoration (6ms)
Platform modules already initialized, skipping
Shader 'WFX/Transparent Diffuse': fallback shader 'Particles/Alpha Blended' not found
Shader 'WFX/Transparent Specular': fallback shader 'Particles/Alpha Blended' not found
Refreshing native plugins compatible for Editor in 1.72 ms, found 3 plugins.
Preloading 0 native plugins for Editor in 0.00 ms.
Unloading 3201 Unused Serialized files (Serialized files now loaded: 0)
Unloading 30 unused Assets / (1.3 MB). Loaded Objects now: 3720.
Memory consumption went from 124.3 MB to 123.0 MB.
Total: 2.402500 ms (FindLiveObjects: 0.193900 ms CreateObjectMapping: 0.116800 ms MarkObjects: 1.867000 ms  DeleteObjects: 0.223800 ms)

AssetImportParameters requested are different than current active one (requested -> active):
  custom:video-decoder-ogg-theora: a1e56fd34408186e4bbccfd4996cb3dc -> 
  custom:container-muxer-webm: aa71ff27fc2769a1b78a27578f13a17b -> 
  custom:container-demuxer-webm: 4f35f7cbe854078d1ac9338744f61a02 -> 
  custom:video-encoder-webm-vp8: eb34c28f22e8b96e1ab97ce403110664 -> 
  custom:video-codec-MediaFoundation-h265: 746d11721c4dcdbdad8f713fa42b33f4 -> 
  custom:audio-encoder-webm-vorbis: bf7c407c2cedff20999df2af8eb42d56 -> 
  custom:framework-win-MediaFoundation: 216162199b28c13a410421893ffa2e32 -> 
  custom:container-demuxer-ogg: 62fdf1f143b41e24485cea50d1cbac27 -> 
  custom:video-decoder-webm-vp8: 9c59270c3fd7afecdb556c50c9e8de78 -> 
  custom:audio-decoder-ogg-vorbis: bf7c407c2cedff20999df2af8eb42d56 -> 
========================================================================
Received Prepare
Registering precompiled user dll's ...
Registered in 0.005314 seconds.
Begin MonoManager ReloadAssembly
Symbol file LoadedFromMemory doesn't match image C:\Users\Noturno\Documents\GitHub\JogodeFps\Projeto3D\Library\PackageCache\com.unity.visualscripting@1.8.0\Editor\VisualScripting.Core\Dependencies\YamlDotNet\Unity.VisualScripting.YamlDotNet.dll
Symbol file LoadedFromMemory doesn't match image C:\Users\Noturno\Documents\GitHub\JogodeFps\Projeto3D\Library\PackageCache\com.unity.visualscripting@1.8.0\Editor\VisualScripting.Core\Dependencies\DotNetZip\Unity.VisualScripting.IonicZip.dll
Native extension for WindowsStandalone target not found
Native extension for WebGL target not found
Refreshing native plugins compatible for Editor in 0.56 ms, found 3 plugins.
Preloading 0 native plugins for Editor in 0.00 ms.
Mono: successfully reloaded assembly
- Completed reload, in  0.771 seconds
Domain Reload Profiling:
	ReloadAssembly (771ms)
		BeginReloadAssembly (93ms)
			ExecutionOrderSort (0ms)
			DisableScriptedObjects (3ms)
			BackupInstance (0ms)
			ReleaseScriptingObjects (0ms)
			CreateAndSetChildDomain (26ms)
		EndReloadAssembly (605ms)
			LoadAssemblies (53ms)
			RebuildTransferFunctionScriptingTraits (0ms)
			SetupTypeCache (235ms)
			ReleaseScriptCaches (1ms)
			RebuildScriptCaches (36ms)
			SetupLoadedEditorAssemblies (237ms)
				LogAssemblyErrors (0ms)
				InitializePlatformSupportModulesInManaged (11ms)
				SetLoadedEditorAssemblies (0ms)
				RefreshPlugins (1ms)
				BeforeProcessingInitializeOnLoad (48ms)
				ProcessInitializeOnLoadAttributes (158ms)
				ProcessInitializeOnLoadMethodAttributes (15ms)
				AfterProcessingInitializeOnLoad (4ms)
				EditorAssembliesLoaded (0ms)
			ExecutionOrderSort2 (0ms)
			AwakeInstancesAfterBackupRestoration (6ms)
Platform modules already initialized, skipping
Shader 'WFX/Transparent Diffuse': fallback shader 'Particles/Alpha Blended' not found
Shader 'WFX/Transparent Specular': fallback shader 'Particles/Alpha Blended' not found
Refreshing native plugins compatible for Editor in 1.18 ms, found 3 plugins.
Preloading 0 native plugins for Editor in 0.00 ms.
Unloading 3201 Unused Serialized files (Serialized files now loaded: 0)
Unloading 30 unused Assets / (1.3 MB). Loaded Objects now: 3723.
Memory consumption went from 124.0 MB to 122.7 MB.
Total: 2.393600 ms (FindLiveObjects: 0.180700 ms CreateObjectMapping: 0.090200 ms MarkObjects: 1.912000 ms  DeleteObjects: 0.209800 ms)

AssetImportParameters requested are different than current active one (requested -> active):
  custom:video-decoder-ogg-theora: a1e56fd34408186e4bbccfd4996cb3dc -> 
  custom:container-muxer-webm: aa71ff27fc2769a1b78a27578f13a17b -> 
  custom:container-demuxer-webm: 4f35f7cbe854078d1ac9338744f61a02 -> 
  custom:video-encoder-webm-vp8: eb34c28f22e8b96e1ab97ce403110664 -> 
  custom:video-codec-MediaFoundation-h265: 746d11721c4dcdbdad8f713fa42b33f4 -> 
  custom:audio-encoder-webm-vorbis: bf7c407c2cedff20999df2af8eb42d56 -> 
  custom:framework-win-MediaFoundation: 216162199b28c13a410421893ffa2e32 -> 
  custom:container-demuxer-ogg: 62fdf1f143b41e24485cea50d1cbac27 -> 
  custom:video-decoder-webm-vp8: 9c59270c3fd7afecdb556c50c9e8de78 -> 
  custom:audio-decoder-ogg-vorbis: bf7c407c2cedff20999df2af8eb42d56 -> 
========================================================================
Received Import Request.
  Time since last request: 128562.596785 seconds.
  path: Assets/Buildings/appliances_store.fbx
  artifactKey: Guid(e0828b8951ddb5742b21325602b044b8) Importer(815301076,1909f56bfc062723c751e8b465ee728b)
Start importing Assets/Buildings/appliances_store.fbx using Guid(e0828b8951ddb5742b21325602b044b8) Importer(815301076,1909f56bfc062723c751e8b465ee728b)  -> (artifact id: '7b48151c1ebb78c9c9c604421be73985') in 0.131712 seconds 
========================================================================
Received Import Request.
  Time since last request: 0.000042 seconds.
  path: Assets/Buildings/house_3.fbx
  artifactKey: Guid(fc69d10298fdda0409c92918930ad704) Importer(815301076,1909f56bfc062723c751e8b465ee728b)
Start importing Assets/Buildings/house_3.fbx using Guid(fc69d10298fdda0409c92918930ad704) Importer(815301076,1909f56bfc062723c751e8b465ee728b)  -> (artifact id: '011495a28373bbf911b07e7bcc107ade') in 0.018909 seconds 
========================================================================
Received Import Request.
  Time since last request: 0.000021 seconds.
  path: Assets/Buildings/house_2_v_34.fbx
  artifactKey: Guid(fc5ae33c94518d945a0d93aac2c3c0e6) Importer(815301076,1909f56bfc062723c751e8b465ee728b)
Start importing Assets/Buildings/house_2_v_34.fbx using Guid(fc5ae33c94518d945a0d93aac2c3c0e6) Importer(815301076,1909f56bfc062723c751e8b465ee728b)  -> (artifact id: '583e983f3420d6e61b2c6b78591b4599') in 0.014533 seconds 
========================================================================
Received Import Request.
  Time since last request: 0.000018 seconds.
  path: Assets/Buildings/pharmaceutical_factory.fbx
  artifactKey: Guid(ae9f073041fc5d24e988970ad76626d2) Importer(815301076,1909f56bfc062723c751e8b465ee728b)
Start importing Assets/Buildings/pharmaceutical_factory.fbx using Guid(ae9f073041fc5d24e988970ad76626d2) Importer(815301076,1909f56bfc062723c751e8b465ee728b)  -> (artifact id: '07927337bf2f2cfb97526587d7d8c876') in 0.015243 seconds 
========================================================================
Received Import Request.
  Time since last request: 0.000028 seconds.
  path: Assets/Buildings/house_2_v_19.fbx
  artifactKey: Guid(648da6f464a3dc748bdec6455e30d830) Importer(815301076,1909f56bfc062723c751e8b465ee728b)
Start importing Assets/Buildings/house_2_v_19.fbx using Guid(648da6f464a3dc748bdec6455e30d830) Importer(815301076,1909f56bfc062723c751e8b465ee728b)  -> (artifact id: '536860128163e7fa960552c4d51a143a') in 0.013657 seconds 
========================================================================
Received Import Request.
  Time since last request: 0.000027 seconds.
  path: Assets/Buildings/house_2_v_7.fbx
  artifactKey: Guid(5bca2bbc38783b64996a209d6c901c21) Importer(815301076,1909f56bfc062723c751e8b465ee728b)
Start importing Assets/Buildings/house_2_v_7.fbx using Guid(5bca2bbc38783b64996a209d6c901c21) Importer(815301076,1909f56bfc062723c751e8b465ee728b)  -> (artifact id: '9df52ed76197c91bbdf8cfb33bc0125e') in 0.013867 seconds 
========================================================================
Received Import Request.
  Time since last request: 0.000035 seconds.
  path: Assets/Buildings/cosmetic_laboratory.fbx
  artifactKey: Guid(2953a000b8364ab46844726a9fcd5a84) Importer(815301076,1909f56bfc062723c751e8b465ee728b)
Start importing Assets/Buildings/cosmetic_laboratory.fbx using Guid(2953a000b8364ab46844726a9fcd5a84) Importer(815301076,1909f56bfc062723c751e8b465ee728b)  -> (artifact id: '6cfa783f3d79daac7f2d1b0f2a9ee229') in 0.013533 seconds 
========================================================================
Received Import Request.
  Time since last request: 0.000023 seconds.
  path: Assets/Buildings/house_2_v_13.fbx
  artifactKey: Guid(3b0dd5b2427346240915120de69abfe0) Importer(815301076,1909f56bfc062723c751e8b465ee728b)
Start importing Assets/Buildings/house_2_v_13.fbx using Guid(3b0dd5b2427346240915120de69abfe0) Importer(815301076,1909f56bfc062723c751e8b465ee728b)  -> (artifact id: 'd93c481accd7a98a4656d67822ffee17') in 0.012864 seconds 
========================================================================
Received Import Request.
  Time since last request: 0.000016 seconds.
  path: Assets/Buildings/house_2_v_11.fbx
  artifactKey: Guid(74041cc957cb2ab459202f5fa7e5c20e) Importer(815301076,1909f56bfc062723c751e8b465ee728b)
Start importing Assets/Buildings/house_2_v_11.fbx using Guid(74041cc957cb2ab459202f5fa7e5c20e) Importer(815301076,1909f56bfc062723c751e8b465ee728b)  -> (artifact id: '305d8ed758d2ca67aa702fa7c3f113b8') in 0.014066 seconds 
========================================================================
Received Import Request.
  Time since last request: 0.000021 seconds.
  path: Assets/Buildings/chemical_store.fbx
  artifactKey: Guid(d442faace18e73f44aebecb1a784bd8d) Importer(815301076,1909f56bfc062723c751e8b465ee728b)
Start importing Assets/Buildings/chemical_store.fbx using Guid(d442faace18e73f44aebecb1a784bd8d) Importer(815301076,1909f56bfc062723c751e8b465ee728b)  -> (artifact id: '41b8864a1dce9f9f2e55cffb74074318') in 0.013889 seconds 
========================================================================
Received Import Request.
  Time since last request: 0.000018 seconds.
  path: Assets/Buildings/house_4.fbx
  artifactKey: Guid(c32064e8d581c8b459c70b3642f0974c) Importer(815301076,1909f56bfc062723c751e8b465ee728b)
Start importing Assets/Buildings/house_4.fbx using Guid(c32064e8d581c8b459c70b3642f0974c) Importer(815301076,1909f56bfc062723c751e8b465ee728b)  -> (artifact id: 'b369712f67cbdeded9299d781ae53540') in 0.015370 seconds 
========================================================================
Received Import Request.
  Time since last request: 0.000021 seconds.
  path: Assets/Buildings/sawmill.fbx
  artifactKey: Guid(00d9a8a215a5fb84ba980e3b6a842288) Importer(815301076,1909f56bfc062723c751e8b465ee728b)
Start importing Assets/Buildings/sawmill.fbx using Guid(00d9a8a215a5fb84ba980e3b6a842288) Importer(815301076,1909f56bfc062723c751e8b465ee728b)  -> (artifact id: 'dbf677f094276c2d20c299e223ed0575') in 0.015551 seconds 
========================================================================
Received Import Request.
  Time since last request: 0.000022 seconds.
  path: Assets/Buildings/cosmetic_shop.fbx
  artifactKey: Guid(7575df4a834e8b54fa418cf4c6a3d15a) Importer(815301076,1909f56bfc062723c751e8b465ee728b)
Start importing Assets/Buildings/cosmetic_shop.fbx using Guid(7575df4a834e8b54fa418cf4c6a3d15a) Importer(815301076,1909f56bfc062723c751e8b465ee728b)  -> (artifact id: 'c62a1d42ecdaec1386452c2f74f2d688') in 0.015162 seconds 
========================================================================
Received Import Request.
  Time since last request: 0.000029 seconds.
  path: Assets/Buildings/house_2_v_12.fbx
  artifactKey: Guid(8cc5b14060ac8164e8fb7443b7d7cb85) Importer(815301076,1909f56bfc062723c751e8b465ee728b)
Start importing Assets/Buildings/house_2_v_12.fbx using Guid(8cc5b14060ac8164e8fb7443b7d7cb85) Importer(815301076,1909f56bfc062723c751e8b465ee728b)  -> (artifact id: 'd7fb86e82b7ea7d0295fc6478186930b') in 0.013641 seconds 
========================================================================
Received Import Request.
  Time since last request: 0.000021 seconds.
  path: Assets/Buildings/house_2_v_17.fbx
  artifactKey: Guid(f990cc832b99eab4ea0073e7221a922b) Importer(815301076,1909f56bfc062723c751e8b465ee728b)
Start importing Assets/Buildings/house_2_v_17.fbx using Guid(f990cc832b99eab4ea0073e7221a922b) Importer(815301076,1909f56bfc062723c751e8b465ee728b)  -> (artifact id: 'e139b11401e9ba2c07d447e57f5fc8fe') in 0.012920 seconds 
========================================================================
Received Import Request.
  Time since last request: 0.000016 seconds.
  path: Assets/Buildings/parlament.fbx
  artifactKey: Guid(fc120e873e49bd34a96e2f582283318a) Importer(815301076,1909f56bfc062723c751e8b465ee728b)
Start importing Assets/Buildings/parlament.fbx using Guid(fc120e873e49bd34a96e2f582283318a) Importer(815301076,1909f56bfc062723c751e8b465ee728b)  -> (artifact id: '39358c262578b9763fa88afbfd736d9e') in 0.018332 seconds 
========================================================================
Received Import Request.
  Time since last request: 0.000024 seconds.
  path: Assets/Buildings/house_2_v_32.fbx
  artifactKey: Guid(19fd7a66e1dab13469f3cfc28205b3cf) Importer(815301076,1909f56bfc062723c751e8b465ee728b)
Start importing Assets/Buildings/house_2_v_32.fbx using Guid(19fd7a66e1dab13469f3cfc28205b3cf) Importer(815301076,1909f56bfc062723c751e8b465ee728b)  -> (artifact id: 'c0b33c25233b0df8e03b1f00e4eafd10') in 0.014998 seconds 
========================================================================
Received Import Request.
  Time since last request: 0.000029 seconds.
  path: Assets/Buildings/car_factory.fbx
  artifactKey: Guid(014a9adc62efe2c42ac5b24034755457) Importer(815301076,1909f56bfc062723c751e8b465ee728b)
Start importing Assets/Buildings/car_factory.fbx using Guid(014a9adc62efe2c42ac5b24034755457) Importer(815301076,1909f56bfc062723c751e8b465ee728b)  -> (artifact id: '45194a081436a2669ce3aad296ff6dec') in 0.015750 seconds 
========================================================================
Received Import Request.
  Time since last request: 0.000029 seconds.
  path: Assets/Buildings/food_factory.fbx
  artifactKey: Guid(510435f1271872f4bbed536bbe36fa06) Importer(815301076,1909f56bfc062723c751e8b465ee728b)
Start importing Assets/Buildings/food_factory.fbx using Guid(510435f1271872f4bbed536bbe36fa06) Importer(815301076,1909f56bfc062723c751e8b465ee728b)  -> (artifact id: 'a88a2560cf1d1c66bb7e9acf6c5da945') in 0.013862 seconds 
========================================================================
Received Import Request.
  Time since last request: 0.000030 seconds.
  path: Assets/Buildings/house_2_v_23.fbx
  artifactKey: Guid(d83a08cfe7c933d4abc0f3bd024231b1) Importer(815301076,1909f56bfc062723c751e8b465ee728b)
Start importing Assets/Buildings/house_2_v_23.fbx using Guid(d83a08cfe7c933d4abc0f3bd024231b1) Importer(815301076,1909f56bfc062723c751e8b465ee728b)  -> (artifact id: 'ef8ba3c32dd3b1805d1014c154bafafe') in 0.014281 seconds 
========================================================================
Received Import Request.
  Time since last request: 0.000021 seconds.
  path: Assets/Buildings/house_2_v_6.fbx
  artifactKey: Guid(c506096798388f045a996b9f6841df1a) Importer(815301076,1909f56bfc062723c751e8b465ee728b)
Start importing Assets/Buildings/house_2_v_6.fbx using Guid(c506096798388f045a996b9f6841df1a) Importer(815301076,1909f56bfc062723c751e8b465ee728b)  -> (artifact id: '6fc86da6900d5d1ddaa5b955912363f7') in 0.014685 seconds 
========================================================================
Received Import Request.
  Time since last request: 0.000019 seconds.
  path: Assets/Buildings/grocery_store.fbx
  artifactKey: Guid(bab4f53fb5fc0634ea0c742bf2743d89) Importer(815301076,1909f56bfc062723c751e8b465ee728b)
Start importing Assets/Buildings/grocery_store.fbx using Guid(bab4f53fb5fc0634ea0c742bf2743d89) Importer(815301076,1909f56bfc062723c751e8b465ee728b)  -> (artifact id: '4fff0b0275c1a833b6b03ecf2e404efb') in 0.012571 seconds 
========================================================================
Received Import Request.
  Time since last request: 0.000024 seconds.
  path: Assets/Buildings/house_2_v_25.fbx
  artifactKey: Guid(cfe40965208e15d46a17ed01453406d4) Importer(815301076,1909f56bfc062723c751e8b465ee728b)
Start importing Assets/Buildings/house_2_v_25.fbx using Guid(cfe40965208e15d46a17ed01453406d4) Importer(815301076,1909f56bfc062723c751e8b465ee728b)  -> (artifact id: 'b5e8ea9eade16552626ec80186fa94d0') in 0.014589 seconds 
========================================================================
Received Import Request.
  Time since last request: 0.000020 seconds.
  path: Assets/Buildings/furniture_store.fbx
  artifactKey: Guid(ce0dcc774ca12ff4780ed2c7c981e753) Importer(815301076,1909f56bfc062723c751e8b465ee728b)
Start importing Assets/Buildings/furniture_store.fbx using Guid(ce0dcc774ca12ff4780ed2c7c981e753) Importer(815301076,1909f56bfc062723c751e8b465ee728b)  -> (artifact id: '9f6a09de7c2c7de982effe253e7a19a8') in 0.014082 seconds 
========================================================================
Received Import Request.
  Time since last request: 0.000022 seconds.
  path: Assets/Buildings/house_2.fbx
  artifactKey: Guid(9f122409af2c3464286d66eb2f28d8a3) Importer(815301076,1909f56bfc062723c751e8b465ee728b)
Start importing Assets/Buildings/house_2.fbx using Guid(9f122409af2c3464286d66eb2f28d8a3) Importer(815301076,1909f56bfc062723c751e8b465ee728b)  -> (artifact id: 'bbd188955b2962c822550efd1ee4c88d') in 0.014169 seconds 
========================================================================
Received Import Request.
  Time since last request: 0.000023 seconds.
  path: Assets/Buildings/house_2_v_31.fbx
  artifactKey: Guid(77887f27c8b05084594ae26a2a830405) Importer(815301076,1909f56bfc062723c751e8b465ee728b)
Start importing Assets/Buildings/house_2_v_31.fbx using Guid(77887f27c8b05084594ae26a2a830405) Importer(815301076,1909f56bfc062723c751e8b465ee728b)  -> (artifact id: 'f732c8b358daf189b9d786cbc9a09a2e') in 0.013406 seconds 
========================================================================
Received Import Request.
  Time since last request: 0.000024 seconds.
  path: Assets/Buildings/electronic_store.fbx
  artifactKey: Guid(7d7f76a409f6abb49af9ea12e9f32b39) Importer(815301076,1909f56bfc062723c751e8b465ee728b)
Start importing Assets/Buildings/electronic_store.fbx using Guid(7d7f76a409f6abb49af9ea12e9f32b39) Importer(815301076,1909f56bfc062723c751e8b465ee728b)  -> (artifact id: '98f32c695a04c2b5ebcac7ac01b4300c') in 0.012991 seconds 
========================================================================
Received Import Request.
  Time since last request: 0.000019 seconds.
  path: Assets/Buildings/house_2_v_9.004.fbx
  artifactKey: Guid(40ecd4bba47b9244ab4518df433a1a5f) Importer(815301076,1909f56bfc062723c751e8b465ee728b)
Start importing Assets/Buildings/house_2_v_9.004.fbx using Guid(40ecd4bba47b9244ab4518df433a1a5f) Importer(815301076,1909f56bfc062723c751e8b465ee728b)  -> (artifact id: '4659c527cceb1ba0934177c98ccaa7a1') in 0.013945 seconds 
========================================================================
Received Import Request.
  Time since last request: 0.000017 seconds.
  path: Assets/Buildings/house_2_v_1.fbx
  artifactKey: Guid(89dc16182088c0e469111bbd0406a344) Importer(815301076,1909f56bfc062723c751e8b465ee728b)
Start importing Assets/Buildings/house_2_v_1.fbx using Guid(89dc16182088c0e469111bbd0406a344) Importer(815301076,1909f56bfc062723c751e8b465ee728b)  -> (artifact id: 'a91c75b39eef16bf361fb262499ecf73') in 0.014763 seconds 
========================================================================
Received Import Request.
  Time since last request: 0.000017 seconds.
  path: Assets/Buildings/house_2_v_28.fbx
  artifactKey: Guid(81274c5c3c17e614f82e69120e65eadc) Importer(815301076,1909f56bfc062723c751e8b465ee728b)
Start importing Assets/Buildings/house_2_v_28.fbx using Guid(81274c5c3c17e614f82e69120e65eadc) Importer(815301076,1909f56bfc062723c751e8b465ee728b)  -> (artifact id: 'e4ec295ce727f83f1417f67703c886f6') in 0.013853 seconds 
========================================================================
Received Import Request.
  Time since last request: 0.000023 seconds.
  path: Assets/Buildings/house_2_v_18.fbx
  artifactKey: Guid(efa6e1913399b474e8857580a139ffff) Importer(815301076,1909f56bfc062723c751e8b465ee728b)
Start importing Assets/Buildings/house_2_v_18.fbx using Guid(efa6e1913399b474e8857580a139ffff) Importer(815301076,1909f56bfc062723c751e8b465ee728b)  -> (artifact id: '96f70a940e4ab599f9fc3134c9a3e4ae') in 0.013772 seconds 
========================================================================
Received Import Request.
  Time since last request: 0.000032 seconds.
  path: Assets/Buildings/bookstore.fbx
  artifactKey: Guid(53ec1bd968802e14b997a32f25e4c11c) Importer(815301076,1909f56bfc062723c751e8b465ee728b)
Start importing Assets/Buildings/bookstore.fbx using Guid(53ec1bd968802e14b997a32f25e4c11c) Importer(815301076,1909f56bfc062723c751e8b465ee728b)  -> (artifact id: 'ce3528dc27ea9b79f35a6b798bb2af82') in 0.014884 seconds 
========================================================================
Received Import Request.
  Time since last request: 0.000045 seconds.
  path: Assets/Buildings/heavy_equipment_store.fbx
  artifactKey: Guid(fd0aff9be85e9d44c9e1177220ae796e) Importer(815301076,1909f56bfc062723c751e8b465ee728b)
Start importing Assets/Buildings/heavy_equipment_store.fbx using Guid(fd0aff9be85e9d44c9e1177220ae796e) Importer(815301076,1909f56bfc062723c751e8b465ee728b)  -> (artifact id: '4106073af2e34c83e4414ce273987c80') in 0.014808 seconds 
========================================================================
Received Import Request.
  Time since last request: 0.000018 seconds.
  path: Assets/Buildings/house_2_v_33.fbx
  artifactKey: Guid(c29f6c8bc6489c9469dd06c99b54c951) Importer(815301076,1909f56bfc062723c751e8b465ee728b)
Start importing Assets/Buildings/house_2_v_33.fbx using Guid(c29f6c8bc6489c9469dd06c99b54c951) Importer(815301076,1909f56bfc062723c751e8b465ee728b)  -> (artifact id: 'a947fc9681825761933d8a825773e993') in 0.014019 seconds 
========================================================================
Received Import Request.
  Time since last request: 0.000022 seconds.
  path: Assets/Buildings/house_2_v_21.fbx
  artifactKey: Guid(c0dc5ac6ae205064e90990a87fdca6ae) Importer(815301076,1909f56bfc062723c751e8b465ee728b)
Start importing Assets/Buildings/house_2_v_21.fbx using Guid(c0dc5ac6ae205064e90990a87fdca6ae) Importer(815301076,1909f56bfc062723c751e8b465ee728b)  -> (artifact id: '6402922e0544b1d2e5f4bd1bcdf310ff') in 0.013491 seconds 
========================================================================
Received Import Request.
  Time since last request: 0.000016 seconds.
  path: Assets/Buildings/house_2_v_2.fbx
  artifactKey: Guid(e7ba6850887ae694a970af5f171fa6d5) Importer(815301076,1909f56bfc062723c751e8b465ee728b)
Start importing Assets/Buildings/house_2_v_2.fbx using Guid(e7ba6850887ae694a970af5f171fa6d5) Importer(815301076,1909f56bfc062723c751e8b465ee728b)  -> (artifact id: 'ba4c40f6d9b97f3719f943e6a780bbed') in 0.013829 seconds 
========================================================================
Received Import Request.
  Time since last request: 0.000019 seconds.
  path: Assets/Buildings/house_2_v_30.fbx
  artifactKey: Guid(ac4da1c5de7b5a943a527875fd2de972) Importer(815301076,1909f56bfc062723c751e8b465ee728b)
Start importing Assets/Buildings/house_2_v_30.fbx using Guid(ac4da1c5de7b5a943a527875fd2de972) Importer(815301076,1909f56bfc062723c751e8b465ee728b)  -> (artifact id: 'c8e98caba8158a2742e4a328d0b3a8a0') in 0.013308 seconds 
========================================================================
Received Import Request.
  Time since last request: 5.872041 seconds.
  path: Assets/Buildings/sport_store.fbx
  artifactKey: Guid(d1839ded843563f44af5fa80c046d3aa) Importer(815301076,1909f56bfc062723c751e8b465ee728b)
Start importing Assets/Buildings/sport_store.fbx using Guid(d1839ded843563f44af5fa80c046d3aa) Importer(815301076,1909f56bfc062723c751e8b465ee728b)  -> (artifact id: '76173e7e58b3cdaf50eb650b89fb0506') in 0.016550 seconds 
========================================================================
Received Import Request.
  Time since last request: 0.000025 seconds.
  path: Assets/Buildings/tobacco_plantation.fbx
  artifactKey: Guid(60e2fb8b0024470498928881179977a0) Importer(815301076,1909f56bfc062723c751e8b465ee728b)
Start importing Assets/Buildings/tobacco_plantation.fbx using Guid(60e2fb8b0024470498928881179977a0) Importer(815301076,1909f56bfc062723c751e8b465ee728b)  -> (artifact id: '37116708dc165eac27d8d8496522334f') in 0.041205 seconds 
========================================================================
Received Import Request.
  Time since last request: 0.000020 seconds.
  path: Assets/Buildings/toy_store.fbx
  artifactKey: Guid(7dda4c37a6b8d7c43b19baec2aabc157) Importer(815301076,1909f56bfc062723c751e8b465ee728b)
Start importing Assets/Buildings/toy_store.fbx using Guid(7dda4c37a6b8d7c43b19baec2aabc157) Importer(815301076,1909f56bfc062723c751e8b465ee728b)  -> (artifact id: 'de8231b5e12f0b663e837a925eaa6d3f') in 0.017031 seconds 
========================================================================
Received Import Request.
  Time since last request: 0.000026 seconds.
  path: Assets/Buildings/studio_video_games.fbx
  artifactKey: Guid(f92104ec8a76ca6459d9343baaafd907) Importer(815301076,1909f56bfc062723c751e8b465ee728b)
Start importing Assets/Buildings/studio_video_games.fbx using Guid(f92104ec8a76ca6459d9343baaafd907) Importer(815301076,1909f56bfc062723c751e8b465ee728b)  -> (artifact id: '61cf56f4e6dc11a1f18b73ace3ea0e69') in 0.016774 seconds 
========================================================================
Received Import Request.
  Time since last request: 0.000030 seconds.
  path: Assets/Buildings/university.fbx
  artifactKey: Guid(a75e0be201ab4934c8e02d63c6d26af6) Importer(815301076,1909f56bfc062723c751e8b465ee728b)
Start importing Assets/Buildings/university.fbx using Guid(a75e0be201ab4934c8e02d63c6d26af6) Importer(815301076,1909f56bfc062723c751e8b465ee728b)  -> (artifact id: 'a735a43a242989a4c2761e7f34f0fef2') in 0.016324 seconds 
========================================================================
Received Import Request.
  Time since last request: 859.146630 seconds.
  path: Assets/HealthBarAssets
  artifactKey: Guid(386926c1c1beb154e846e6fa0ea79515) Importer(815301076,1909f56bfc062723c751e8b465ee728b)
Start importing Assets/HealthBarAssets using Guid(386926c1c1beb154e846e6fa0ea79515) Importer(815301076,1909f56bfc062723c751e8b465ee728b)  -> (artifact id: '430de14050140feaa5be789757b8f4bf') in 0.006519 seconds 
========================================================================
Received Import Request.
  Time since last request: 0.076619 seconds.
  path: Assets/HealthBarAssets/BACK_HealthBar.png
  artifactKey: Guid(046f60cc67a5aa745b5a5187680401a4) Importer(815301076,1909f56bfc062723c751e8b465ee728b)
Start importing Assets/HealthBarAssets/BACK_HealthBar.png using Guid(046f60cc67a5aa745b5a5187680401a4) Importer(815301076,1909f56bfc062723c751e8b465ee728b)  -> (artifact id: 'bf937049236691d44ebad6d3ca8a037f') in 0.066659 seconds 
========================================================================
Received Import Request.
  Time since last request: 0.000023 seconds.
  path: Assets/HealthBarAssets/HeartIcon.png
  artifactKey: Guid(6721f573f3baae84092e59ea3edb6ddb) Importer(815301076,1909f56bfc062723c751e8b465ee728b)
Start importing Assets/HealthBarAssets/HeartIcon.png using Guid(6721f573f3baae84092e59ea3edb6ddb) Importer(815301076,1909f56bfc062723c751e8b465ee728b)  -> (artifact id: '4fdcd4d491875cda8ada3ccb804419b7') in 0.015730 seconds 
========================================================================
Received Import Request.
  Time since last request: 0.000026 seconds.
  path: Assets/HealthBarAssets/FRONT_XpBar.png
  artifactKey: Guid(65bd2feb6c61d784a97e3ec4b7b4b663) Importer(815301076,1909f56bfc062723c751e8b465ee728b)
Start importing Assets/HealthBarAssets/FRONT_XpBar.png using Guid(65bd2feb6c61d784a97e3ec4b7b4b663) Importer(815301076,1909f56bfc062723c751e8b465ee728b)  -> (artifact id: '085e5e0c6f26f4ae24c5e2d4079824bc') in 0.011091 seconds 
Editor requested this worker to shutdown with reason: Scaling down because of idle timeout
AssetImportWorker is now disconnected from the server
Process exiting
Exiting without the bug reporter. Application will terminate with return code 0