Using pre-set license
Built from '2021.3/staging' branch; Version is '2021.3.18f1 (3129e69bc0c7) revision 3221990'; Using compiler version '192829333'; Build Type 'Release'
OS: 'Windows 11  (10.0.22621) 64bit Professional' Language: 'pt' Physical Memory: 32512 MB
BatchMode: 1, IsHumanControllingUs: 0, StartBugReporterOnCrash: 0, Is64bit: 1, IsPro: 1

COMMAND LINE ARGUMENTS:
C:\Users\Noturno\Documents\2021.3.18f1\Editor\Unity.exe
-adb2
-batchMode
-noUpm
-name
AssetImportWorker5
-projectPath
C:/Users/Noturno/Documents/GitHub/JogodeFps/Projeto3D
-logFile
Logs/AssetImportWorker5.log
-srvPort
62468
Successfully changed project path to: C:/Users/Noturno/Documents/GitHub/JogodeFps/Projeto3D
C:/Users/Noturno/Documents/GitHub/JogodeFps/Projeto3D
[UnityMemory] Configuration Parameters - Can be set up in boot.config
    "memorysetup-bucket-allocator-granularity=16"
    "memorysetup-bucket-allocator-bucket-count=8"
    "memorysetup-bucket-allocator-block-size=33554432"
    "memorysetup-bucket-allocator-block-count=8"
    "memorysetup-main-allocator-block-size=16777216"
    "memorysetup-thread-allocator-block-size=16777216"
    "memorysetup-gfx-main-allocator-block-size=16777216"
    "memorysetup-gfx-thread-allocator-block-size=16777216"
    "memorysetup-cache-allocator-block-size=4194304"
    "memorysetup-typetree-allocator-block-size=2097152"
    "memorysetup-profiler-bucket-allocator-granularity=16"
    "memorysetup-profiler-bucket-allocator-bucket-count=8"
    "memorysetup-profiler-bucket-allocator-block-size=33554432"
    "memorysetup-profiler-bucket-allocator-block-count=8"
    "memorysetup-profiler-allocator-block-size=16777216"
    "memorysetup-profiler-editor-allocator-block-size=1048576"
    "memorysetup-temp-allocator-size-main=16777216"
    "memorysetup-job-temp-allocator-block-size=2097152"
    "memorysetup-job-temp-allocator-block-size-background=1048576"
    "memorysetup-job-temp-allocator-reduction-small-platforms=262144"
    "memorysetup-temp-allocator-size-background-worker=32768"
    "memorysetup-temp-allocator-size-job-worker=262144"
    "memorysetup-temp-allocator-size-preload-manager=33554432"
    "memorysetup-temp-allocator-size-nav-mesh-worker=65536"
    "memorysetup-temp-allocator-size-audio-worker=65536"
    "memorysetup-temp-allocator-size-cloud-worker=32768"
    "memorysetup-temp-allocator-size-gi-baking-worker=262144"
    "memorysetup-temp-allocator-size-gfx=262144"
Player connection [4692] Host "[IP] 172.16.17.28 [Port] 0 [Flags] 2 [Guid] 1704692419 [EditorId] 1704692419 [Version] 1048832 [Id] WindowsEditor(7,LABJOGOS-28) [Debug] 1 [PackageName] WindowsEditor [ProjectName] Editor" joined multi-casting on [225.0.0.222:54997]...

Player connection [4692] Host "[IP] 172.16.17.28 [Port] 0 [Flags] 2 [Guid] 1704692419 [EditorId] 1704692419 [Version] 1048832 [Id] WindowsEditor(7,LABJOGOS-28) [Debug] 1 [PackageName] WindowsEditor [ProjectName] Editor" joined alternative multi-casting on [225.0.0.222:34997]...

Refreshing native plugins compatible for Editor in 77.19 ms, found 3 plugins.
Preloading 0 native plugins for Editor in 0.00 ms.
Initialize engine version: 2021.3.18f1 (3129e69bc0c7)
[Subsystems] Discovering subsystems at path C:/Users/Noturno/Documents/2021.3.18f1/Editor/Data/Resources/UnitySubsystems
[Subsystems] Discovering subsystems at path C:/Users/Noturno/Documents/GitHub/JogodeFps/Projeto3D/Assets
GfxDevice: creating device client; threaded=0; jobified=0
Direct3D:
    Version:  Direct3D 11.0 [level 11.1]
    Renderer: NVIDIA GeForce RTX 3060 (ID=0x2504)
    Vendor:   NVIDIA
    VRAM:     12129 MB
    Driver:   31.0.15.2656
Shader 'WFX/Transparent Diffuse': fallback shader 'Particles/Alpha Blended' not found
Shader 'WFX/Transparent Specular': fallback shader 'Particles/Alpha Blended' not found
Initialize mono
Mono path[0] = 'C:/Users/Noturno/Documents/2021.3.18f1/Editor/Data/Managed'
Mono path[1] = 'C:/Users/Noturno/Documents/2021.3.18f1/Editor/Data/MonoBleedingEdge/lib/mono/unityjit-win32'
Mono config path = 'C:/Users/Noturno/Documents/2021.3.18f1/Editor/Data/MonoBleedingEdge/etc'
Using monoOptions --debugger-agent=transport=dt_socket,embedding=1,server=y,suspend=n,address=127.0.0.1:56084
Begin MonoManager ReloadAssembly
Registering precompiled unity dll's ...
Register platform support module: C:/Users/Noturno/Documents/2021.3.18f1/Editor/Data/PlaybackEngines/WebGLSupport/UnityEditor.WebGL.Extensions.dll
Register platform support module: C:/Users/Noturno/Documents/2021.3.18f1/Editor/Data/PlaybackEngines/WindowsStandaloneSupport/UnityEditor.WindowsStandalone.Extensions.dll
Registered in 0.002950 seconds.
Native extension for WindowsStandalone target not found
Native extension for WebGL target not found
Refreshing native plugins compatible for Editor in 68.03 ms, found 3 plugins.
Preloading 0 native plugins for Editor in 0.00 ms.
Mono: successfully reloaded assembly
- Completed reload, in  0.463 seconds
Domain Reload Profiling:
	ReloadAssembly (463ms)
		BeginReloadAssembly (53ms)
			ExecutionOrderSort (0ms)
			DisableScriptedObjects (0ms)
			BackupInstance (0ms)
			ReleaseScriptingObjects (0ms)
			CreateAndSetChildDomain (1ms)
		EndReloadAssembly (337ms)
			LoadAssemblies (52ms)
			RebuildTransferFunctionScriptingTraits (0ms)
			SetupTypeCache (76ms)
			ReleaseScriptCaches (0ms)
			RebuildScriptCaches (29ms)
			SetupLoadedEditorAssemblies (196ms)
				LogAssemblyErrors (0ms)
				InitializePlatformSupportModulesInManaged (7ms)
				SetLoadedEditorAssemblies (0ms)
				RefreshPlugins (68ms)
				BeforeProcessingInitializeOnLoad (1ms)
				ProcessInitializeOnLoadAttributes (86ms)
				ProcessInitializeOnLoadMethodAttributes (33ms)
				AfterProcessingInitializeOnLoad (0ms)
				EditorAssembliesLoaded (0ms)
			ExecutionOrderSort2 (0ms)
			AwakeInstancesAfterBackupRestoration (0ms)
Platform modules already initialized, skipping
Registering precompiled user dll's ...
Registered in 0.004856 seconds.
Begin MonoManager ReloadAssembly
Symbol file LoadedFromMemory doesn't match image C:\Users\Noturno\Documents\GitHub\JogodeFps\Projeto3D\Library\PackageCache\com.unity.visualscripting@1.8.0\Editor\VisualScripting.Core\Dependencies\YamlDotNet\Unity.VisualScripting.YamlDotNet.dll
Symbol file LoadedFromMemory doesn't match image C:\Users\Noturno\Documents\GitHub\JogodeFps\Projeto3D\Library\PackageCache\com.unity.visualscripting@1.8.0\Editor\VisualScripting.Core\Dependencies\DotNetZip\Unity.VisualScripting.IonicZip.dll
Native extension for WindowsStandalone target not found
Native extension for WebGL target not found
Refreshing native plugins compatible for Editor in 0.79 ms, found 3 plugins.
Preloading 0 native plugins for Editor in 0.00 ms.
Mono: successfully reloaded assembly
- Completed reload, in  0.786 seconds
Domain Reload Profiling:
	ReloadAssembly (786ms)
		BeginReloadAssembly (77ms)
			ExecutionOrderSort (0ms)
			DisableScriptedObjects (4ms)
			BackupInstance (0ms)
			ReleaseScriptingObjects (0ms)
			CreateAndSetChildDomain (17ms)
		EndReloadAssembly (623ms)
			LoadAssemblies (50ms)
			RebuildTransferFunctionScriptingTraits (0ms)
			SetupTypeCache (219ms)
			ReleaseScriptCaches (0ms)
			RebuildScriptCaches (43ms)
			SetupLoadedEditorAssemblies (276ms)
				LogAssemblyErrors (0ms)
				InitializePlatformSupportModulesInManaged (6ms)
				SetLoadedEditorAssemblies (1ms)
				RefreshPlugins (1ms)
				BeforeProcessingInitializeOnLoad (62ms)
				ProcessInitializeOnLoadAttributes (186ms)
				ProcessInitializeOnLoadMethodAttributes (17ms)
				AfterProcessingInitializeOnLoad (5ms)
				EditorAssembliesLoaded (0ms)
			ExecutionOrderSort2 (0ms)
			AwakeInstancesAfterBackupRestoration (6ms)
Platform modules already initialized, skipping
========================================================================
Worker process is ready to serve import requests
Shader 'WFX/Transparent Specular': fallback shader 'Particles/Alpha Blended' not found
Shader 'WFX/Transparent Diffuse': fallback shader 'Particles/Alpha Blended' not found
Launched and connected shader compiler UnityShaderCompiler.exe after 0.03 seconds
Refreshing native plugins compatible for Editor in 0.62 ms, found 3 plugins.
Preloading 0 native plugins for Editor in 0.00 ms.
Unloading 3272 Unused Serialized files (Serialized files now loaded: 0)
Unloading 37 unused Assets / (1.3 MB). Loaded Objects now: 3746.
Memory consumption went from 137.4 MB to 136.0 MB.
Total: 2.614600 ms (FindLiveObjects: 0.254800 ms CreateObjectMapping: 0.115500 ms MarkObjects: 1.958400 ms  DeleteObjects: 0.285200 ms)

AssetImportParameters requested are different than current active one (requested -> active):
  custom:video-decoder-ogg-theora: a1e56fd34408186e4bbccfd4996cb3dc -> 
  custom:container-muxer-webm: aa71ff27fc2769a1b78a27578f13a17b -> 
  custom:container-demuxer-webm: 4f35f7cbe854078d1ac9338744f61a02 -> 
  custom:video-encoder-webm-vp8: eb34c28f22e8b96e1ab97ce403110664 -> 
  custom:video-codec-MediaFoundation-h265: 746d11721c4dcdbdad8f713fa42b33f4 -> 
  custom:audio-encoder-webm-vorbis: bf7c407c2cedff20999df2af8eb42d56 -> 
  custom:framework-win-MediaFoundation: 216162199b28c13a410421893ffa2e32 -> 
  custom:container-demuxer-ogg: 62fdf1f143b41e24485cea50d1cbac27 -> 
  custom:video-decoder-webm-vp8: 9c59270c3fd7afecdb556c50c9e8de78 -> 
  custom:audio-decoder-ogg-vorbis: bf7c407c2cedff20999df2af8eb42d56 -> 
========================================================================
Received Import Request.
  Time since last request: 138227.854947 seconds.
  path: Assets/SimplePoly - Town Pack/Prefabs/RoadSegments/sptp_road_segment_02.prefab
  artifactKey: Guid(0aa3874478ee5bd499a237e5b988bbd8) Importer(815301076,1909f56bfc062723c751e8b465ee728b)
Start importing Assets/SimplePoly - Town Pack/Prefabs/RoadSegments/sptp_road_segment_02.prefab using Guid(0aa3874478ee5bd499a237e5b988bbd8) Importer(815301076,1909f56bfc062723c751e8b465ee728b)  -> (artifact id: '22d0543ff7c7ebec430bb93403a23088') in 0.163038 seconds 
========================================================================
Received Import Request.
  Time since last request: 0.000035 seconds.
  path: Assets/SimplePoly - Town Pack/Prefabs/RoadSegments/sptp_street_concrete_01.prefab
  artifactKey: Guid(8b23b54510c08544b924f8e4502acc8f) Importer(815301076,1909f56bfc062723c751e8b465ee728b)
Start importing Assets/SimplePoly - Town Pack/Prefabs/RoadSegments/sptp_street_concrete_01.prefab using Guid(8b23b54510c08544b924f8e4502acc8f) Importer(815301076,1909f56bfc062723c751e8b465ee728b)  -> (artifact id: 'f59924b1bc6e16b1eed79c21be4737d2') in 0.038047 seconds 
========================================================================
Received Import Request.
  Time since last request: 0.000052 seconds.
  path: Assets/SimplePoly - Town Pack/Prefabs/RoadSegments/sptp_road_segment_09.prefab
  artifactKey: Guid(52e3c281ef0f0ea4985188d26644edcb) Importer(815301076,1909f56bfc062723c751e8b465ee728b)
Start importing Assets/SimplePoly - Town Pack/Prefabs/RoadSegments/sptp_road_segment_09.prefab using Guid(52e3c281ef0f0ea4985188d26644edcb) Importer(815301076,1909f56bfc062723c751e8b465ee728b)  -> (artifact id: 'd1632b071a3098c9c93d802a1e1164fe') in 0.034694 seconds 
========================================================================
Received Import Request.
  Time since last request: 0.000021 seconds.
  path: Assets/SimplePoly - Town Pack/Prefabs/RoadSegments/sptp_road_segment_11.prefab
  artifactKey: Guid(f76e9ef0fd63b484388ce742819e4750) Importer(815301076,1909f56bfc062723c751e8b465ee728b)
Start importing Assets/SimplePoly - Town Pack/Prefabs/RoadSegments/sptp_road_segment_11.prefab using Guid(f76e9ef0fd63b484388ce742819e4750) Importer(815301076,1909f56bfc062723c751e8b465ee728b)  -> (artifact id: '6e5e8a4f86be147be30c99f6a5ed4ea2') in 0.038130 seconds 
========================================================================
Received Prepare
Registering precompiled user dll's ...
Registered in 0.003009 seconds.
Begin MonoManager ReloadAssembly
Symbol file LoadedFromMemory doesn't match image C:\Users\Noturno\Documents\GitHub\JogodeFps\Projeto3D\Library\PackageCache\com.unity.visualscripting@1.8.0\Editor\VisualScripting.Core\Dependencies\YamlDotNet\Unity.VisualScripting.YamlDotNet.dll
Symbol file LoadedFromMemory doesn't match image C:\Users\Noturno\Documents\GitHub\JogodeFps\Projeto3D\Library\PackageCache\com.unity.visualscripting@1.8.0\Editor\VisualScripting.Core\Dependencies\DotNetZip\Unity.VisualScripting.IonicZip.dll
Native extension for WindowsStandalone target not found
Native extension for WebGL target not found
Refreshing native plugins compatible for Editor in 0.52 ms, found 3 plugins.
Preloading 0 native plugins for Editor in 0.00 ms.
Mono: successfully reloaded assembly
- Completed reload, in  0.842 seconds
Domain Reload Profiling:
	ReloadAssembly (843ms)
		BeginReloadAssembly (112ms)
			ExecutionOrderSort (0ms)
			DisableScriptedObjects (3ms)
			BackupInstance (0ms)
			ReleaseScriptingObjects (0ms)
			CreateAndSetChildDomain (30ms)
		EndReloadAssembly (650ms)
			LoadAssemblies (68ms)
			RebuildTransferFunctionScriptingTraits (0ms)
			SetupTypeCache (260ms)
			ReleaseScriptCaches (2ms)
			RebuildScriptCaches (46ms)
			SetupLoadedEditorAssemblies (229ms)
				LogAssemblyErrors (0ms)
				InitializePlatformSupportModulesInManaged (12ms)
				SetLoadedEditorAssemblies (0ms)
				RefreshPlugins (1ms)
				BeforeProcessingInitializeOnLoad (48ms)
				ProcessInitializeOnLoadAttributes (151ms)
				ProcessInitializeOnLoadMethodAttributes (14ms)
				AfterProcessingInitializeOnLoad (4ms)
				EditorAssembliesLoaded (0ms)
			ExecutionOrderSort2 (0ms)
			AwakeInstancesAfterBackupRestoration (5ms)
Platform modules already initialized, skipping
Shader 'WFX/Transparent Specular': fallback shader 'Particles/Alpha Blended' not found
Shader 'WFX/Transparent Diffuse': fallback shader 'Particles/Alpha Blended' not found
Refreshing native plugins compatible for Editor in 1.30 ms, found 3 plugins.
Preloading 0 native plugins for Editor in 0.00 ms.
Unloading 3209 Unused Serialized files (Serialized files now loaded: 0)
Unloading 32 unused Assets / (1.3 MB). Loaded Objects now: 3757.
Memory consumption went from 135.7 MB to 134.4 MB.
Total: 2.216100 ms (FindLiveObjects: 0.185300 ms CreateObjectMapping: 0.096900 ms MarkObjects: 1.725400 ms  DeleteObjects: 0.207700 ms)

AssetImportParameters requested are different than current active one (requested -> active):
  custom:video-decoder-ogg-theora: a1e56fd34408186e4bbccfd4996cb3dc -> 
  custom:container-muxer-webm: aa71ff27fc2769a1b78a27578f13a17b -> 
  custom:container-demuxer-webm: 4f35f7cbe854078d1ac9338744f61a02 -> 
  custom:video-encoder-webm-vp8: eb34c28f22e8b96e1ab97ce403110664 -> 
  custom:video-codec-MediaFoundation-h265: 746d11721c4dcdbdad8f713fa42b33f4 -> 
  custom:audio-encoder-webm-vorbis: bf7c407c2cedff20999df2af8eb42d56 -> 
  custom:framework-win-MediaFoundation: 216162199b28c13a410421893ffa2e32 -> 
  custom:container-demuxer-ogg: 62fdf1f143b41e24485cea50d1cbac27 -> 
  custom:video-decoder-webm-vp8: 9c59270c3fd7afecdb556c50c9e8de78 -> 
  custom:audio-decoder-ogg-vorbis: bf7c407c2cedff20999df2af8eb42d56 -> 
========================================================================
Received Import Request.
  Time since last request: 69.010835 seconds.
  path: Assets/Destroyed_city_FREE/Scenes/destroyed_city/LightmapFar-1.exr
  artifactKey: Guid(5a376b43b2e84f44f9a20162ec34c47c) Importer(815301076,1909f56bfc062723c751e8b465ee728b)
Start importing Assets/Destroyed_city_FREE/Scenes/destroyed_city/LightmapFar-1.exr using Guid(5a376b43b2e84f44f9a20162ec34c47c) Importer(815301076,1909f56bfc062723c751e8b465ee728b)  -> (artifact id: 'c7945826f133a9a376dc57ff8cdc424a') in 0.067524 seconds 
========================================================================
Received Import Request.
  Time since last request: 0.000028 seconds.
  path: Assets/Destroyed_city_FREE/Scenes/destroyed_city/LightmapFar-5.exr
  artifactKey: Guid(8f05800eba8ca8342964acc621ce1cdd) Importer(815301076,1909f56bfc062723c751e8b465ee728b)
Start importing Assets/Destroyed_city_FREE/Scenes/destroyed_city/LightmapFar-5.exr using Guid(8f05800eba8ca8342964acc621ce1cdd) Importer(815301076,1909f56bfc062723c751e8b465ee728b)  -> (artifact id: 'ea843f81d83d4d1dbfac4a6e3b9ba4bc') in 0.011786 seconds 
========================================================================
Received Import Request.
  Time since last request: 0.000020 seconds.
  path: Assets/Destroyed_city_FREE/Scenes/destroyed_city/LightmapFar-7.exr
  artifactKey: Guid(e116ec9a42d3ff9449f77a447c766be1) Importer(815301076,1909f56bfc062723c751e8b465ee728b)
Start importing Assets/Destroyed_city_FREE/Scenes/destroyed_city/LightmapFar-7.exr using Guid(e116ec9a42d3ff9449f77a447c766be1) Importer(815301076,1909f56bfc062723c751e8b465ee728b)  -> (artifact id: 'afaa71a90f875531ebacf3ff075c37f2') in 0.011399 seconds 
========================================================================
Received Import Request.
  Time since last request: 0.000022 seconds.
  path: Assets/Destroyed_city_FREE/Scenes/destroyed_city/LightmapFar-10.exr
  artifactKey: Guid(1b54b539798759949955c23b44b723de) Importer(815301076,1909f56bfc062723c751e8b465ee728b)
Start importing Assets/Destroyed_city_FREE/Scenes/destroyed_city/LightmapFar-10.exr using Guid(1b54b539798759949955c23b44b723de) Importer(815301076,1909f56bfc062723c751e8b465ee728b)  -> (artifact id: '93ad9df09073d7068db04af5644fb75f') in 0.011452 seconds 
========================================================================
Received Import Request.
  Time since last request: 0.000019 seconds.
  path: Assets/Destroyed_city_FREE/Scenes/destroyed_city/LightmapFar-17.exr
  artifactKey: Guid(02ac7831bf5c7da4d993fb6b8bcd2140) Importer(815301076,1909f56bfc062723c751e8b465ee728b)
Start importing Assets/Destroyed_city_FREE/Scenes/destroyed_city/LightmapFar-17.exr using Guid(02ac7831bf5c7da4d993fb6b8bcd2140) Importer(815301076,1909f56bfc062723c751e8b465ee728b)  -> (artifact id: '396dc9955dd31ae023aa26779f952b4a') in 0.011739 seconds 
========================================================================
Received Import Request.
  Time since last request: 0.000036 seconds.
  path: Assets/Destroyed_city_FREE/Scenes/destroyed_city/LightmapNear-8.exr
  artifactKey: Guid(2bf78c82aeb702948a640fc4728af0ed) Importer(815301076,1909f56bfc062723c751e8b465ee728b)
Start importing Assets/Destroyed_city_FREE/Scenes/destroyed_city/LightmapNear-8.exr using Guid(2bf78c82aeb702948a640fc4728af0ed) Importer(815301076,1909f56bfc062723c751e8b465ee728b)  -> (artifact id: 'f264bf516ae15dbb587c6d4825608f75') in 0.010862 seconds 
========================================================================
Received Import Request.
  Time since last request: 0.000035 seconds.
  path: Assets/Destroyed_city_FREE/Scenes/destroyed_city/LightmapNear-3.exr
  artifactKey: Guid(ecf59f8623142144cacf567100b47302) Importer(815301076,1909f56bfc062723c751e8b465ee728b)
Start importing Assets/Destroyed_city_FREE/Scenes/destroyed_city/LightmapNear-3.exr using Guid(ecf59f8623142144cacf567100b47302) Importer(815301076,1909f56bfc062723c751e8b465ee728b)  -> (artifact id: '48cf84c64244f6e51aba7d0c9dc60910') in 0.009576 seconds 
========================================================================
Received Import Request.
  Time since last request: 0.000022 seconds.
  path: Assets/Destroyed_city_FREE/Scenes/destroyed_city/LightmapFar-16.exr
  artifactKey: Guid(8cc29668558216345878100cb94f3691) Importer(815301076,1909f56bfc062723c751e8b465ee728b)
Start importing Assets/Destroyed_city_FREE/Scenes/destroyed_city/LightmapFar-16.exr using Guid(8cc29668558216345878100cb94f3691) Importer(815301076,1909f56bfc062723c751e8b465ee728b)  -> (artifact id: '340397bde0fd64406c915ad24346cb6b') in 0.010103 seconds 
========================================================================
Received Import Request.
  Time since last request: 0.000018 seconds.
  path: Assets/Destroyed_city_FREE/Scenes/destroyed_city/LightmapNear-5.exr
  artifactKey: Guid(7eb9a5b597a5ca845b8baf54254c1c67) Importer(815301076,1909f56bfc062723c751e8b465ee728b)
Start importing Assets/Destroyed_city_FREE/Scenes/destroyed_city/LightmapNear-5.exr using Guid(7eb9a5b597a5ca845b8baf54254c1c67) Importer(815301076,1909f56bfc062723c751e8b465ee728b)  -> (artifact id: '0d22666427ffc514fa18679e1a095f9c') in 0.011533 seconds 
========================================================================
Received Import Request.
  Time since last request: 0.000022 seconds.
  path: Assets/Destroyed_city_FREE/Scenes/destroyed_city/LightmapNear-0.exr
  artifactKey: Guid(92100c10a874a3c4b8a36f9faa5137d2) Importer(815301076,1909f56bfc062723c751e8b465ee728b)
Start importing Assets/Destroyed_city_FREE/Scenes/destroyed_city/LightmapNear-0.exr using Guid(92100c10a874a3c4b8a36f9faa5137d2) Importer(815301076,1909f56bfc062723c751e8b465ee728b)  -> (artifact id: '8965108cec19fbc207b78b32a0aeb6cd') in 0.011774 seconds 
========================================================================
Received Import Request.
  Time since last request: 0.000017 seconds.
  path: Assets/Destroyed_city_FREE/Scenes/destroyed_city/LightmapNear-7.exr
  artifactKey: Guid(f65cf460dbb050844828e4cc3e0cfe1a) Importer(815301076,1909f56bfc062723c751e8b465ee728b)
Start importing Assets/Destroyed_city_FREE/Scenes/destroyed_city/LightmapNear-7.exr using Guid(f65cf460dbb050844828e4cc3e0cfe1a) Importer(815301076,1909f56bfc062723c751e8b465ee728b)  -> (artifact id: 'f6df93c67224108c7139bddf9b0b43f5') in 0.010486 seconds 
========================================================================
Received Import Request.
  Time since last request: 0.000016 seconds.
  path: Assets/Destroyed_city_FREE/Scenes/destroyed_city/LightmapNear-9.exr
  artifactKey: Guid(1ee2eb8c59f47124fac14303638f5fe8) Importer(815301076,1909f56bfc062723c751e8b465ee728b)
Start importing Assets/Destroyed_city_FREE/Scenes/destroyed_city/LightmapNear-9.exr using Guid(1ee2eb8c59f47124fac14303638f5fe8) Importer(815301076,1909f56bfc062723c751e8b465ee728b)  -> (artifact id: 'a45bd89bff4b64f235075a36832b2057') in 0.012080 seconds 
========================================================================
Received Import Request.
  Time since last request: 0.000019 seconds.
  path: Assets/Destroyed_city_FREE/Scenes/destroyed_city/LightmapFar-8.exr
  artifactKey: Guid(95ba1a14c944bd24d8274375ee74ad65) Importer(815301076,1909f56bfc062723c751e8b465ee728b)
Start importing Assets/Destroyed_city_FREE/Scenes/destroyed_city/LightmapFar-8.exr using Guid(95ba1a14c944bd24d8274375ee74ad65) Importer(815301076,1909f56bfc062723c751e8b465ee728b)  -> (artifact id: '06fd8b1799ca2e948c29a318a55e0a88') in 0.011348 seconds 
========================================================================
Received Import Request.
  Time since last request: 0.000015 seconds.
  path: Assets/Destroyed_city_FREE/Scenes/destroyed_city/LightmapFar-3.exr
  artifactKey: Guid(8d15220e1ebcb1b4591fdf0aad07d24b) Importer(815301076,1909f56bfc062723c751e8b465ee728b)
Start importing Assets/Destroyed_city_FREE/Scenes/destroyed_city/LightmapFar-3.exr using Guid(8d15220e1ebcb1b4591fdf0aad07d24b) Importer(815301076,1909f56bfc062723c751e8b465ee728b)  -> (artifact id: '283531addc255348941f5132f0ebef18') in 0.011737 seconds 
========================================================================
Received Import Request.
  Time since last request: 0.000016 seconds.
  path: Assets/Destroyed_city_FREE/Scenes/destroyed_city/LightmapNear-15.exr
  artifactKey: Guid(48b56772ae61a4042a6047b619ef13a6) Importer(815301076,1909f56bfc062723c751e8b465ee728b)
Start importing Assets/Destroyed_city_FREE/Scenes/destroyed_city/LightmapNear-15.exr using Guid(48b56772ae61a4042a6047b619ef13a6) Importer(815301076,1909f56bfc062723c751e8b465ee728b)  -> (artifact id: '8f4ebd6884ab12a9cf1720b875ba8c27') in 0.010525 seconds 
========================================================================
Received Import Request.
  Time since last request: 0.000015 seconds.
  path: Assets/Destroyed_city_FREE/Scenes/destroyed_city/LightmapNear-12.exr
  artifactKey: Guid(92cd679ee785a1946a876724101c7a2c) Importer(815301076,1909f56bfc062723c751e8b465ee728b)
Start importing Assets/Destroyed_city_FREE/Scenes/destroyed_city/LightmapNear-12.exr using Guid(92cd679ee785a1946a876724101c7a2c) Importer(815301076,1909f56bfc062723c751e8b465ee728b)  -> (artifact id: '0be4761619640c290f885eac5cb4bc0d') in 0.011411 seconds 
========================================================================
Received Import Request.
  Time since last request: 0.000020 seconds.
  path: Assets/Destroyed_city_FREE/Scenes/destroyed_city/LightmapNear-4.exr
  artifactKey: Guid(30126cc857fabbb4bac686985301d8d5) Importer(815301076,1909f56bfc062723c751e8b465ee728b)
Start importing Assets/Destroyed_city_FREE/Scenes/destroyed_city/LightmapNear-4.exr using Guid(30126cc857fabbb4bac686985301d8d5) Importer(815301076,1909f56bfc062723c751e8b465ee728b)  -> (artifact id: '3a8c65cb9a2c03e916ac0c6970628ea8') in 0.008782 seconds 
========================================================================
Received Import Request.
  Time since last request: 0.000018 seconds.
  path: Assets/Destroyed_city_FREE/Scenes/destroyed_city/LightmapNear-16.exr
  artifactKey: Guid(493cfae2140b57d499570b8186f664a0) Importer(815301076,1909f56bfc062723c751e8b465ee728b)
Start importing Assets/Destroyed_city_FREE/Scenes/destroyed_city/LightmapNear-16.exr using Guid(493cfae2140b57d499570b8186f664a0) Importer(815301076,1909f56bfc062723c751e8b465ee728b)  -> (artifact id: 'a3b4578f619c4ab8fe92c1c6cc06ee86') in 0.011323 seconds 
Editor requested this worker to shutdown with reason: Scaling down because of idle timeout
AssetImportWorker is now disconnected from the server
Process exiting
Exiting without the bug reporter. Application will terminate with return code 0