Using pre-set license
Built from '2021.3/staging' branch; Version is '2021.3.18f1 (3129e69bc0c7) revision 3221990'; Using compiler version '192829333'; Build Type 'Release'
OS: 'Windows 11  (10.0.22621) 64bit Professional' Language: 'pt' Physical Memory: 32512 MB
BatchMode: 1, IsHumanControllingUs: 0, StartBugReporterOnCrash: 0, Is64bit: 1, IsPro: 1

COMMAND LINE ARGUMENTS:
C:\Users\Noturno\Documents\2021.3.18f1\Editor\Unity.exe
-adb2
-batchMode
-noUpm
-name
AssetImportWorker10
-projectPath
C:/Users/Noturno/Documents/GitHub/JogodeFps/Projeto3D
-logFile
Logs/AssetImportWorker10.log
-srvPort
49791
Successfully changed project path to: C:/Users/Noturno/Documents/GitHub/JogodeFps/Projeto3D
C:/Users/Noturno/Documents/GitHub/JogodeFps/Projeto3D
[UnityMemory] Configuration Parameters - Can be set up in boot.config
    "memorysetup-bucket-allocator-granularity=16"
    "memorysetup-bucket-allocator-bucket-count=8"
    "memorysetup-bucket-allocator-block-size=33554432"
    "memorysetup-bucket-allocator-block-count=8"
    "memorysetup-main-allocator-block-size=16777216"
    "memorysetup-thread-allocator-block-size=16777216"
    "memorysetup-gfx-main-allocator-block-size=16777216"
    "memorysetup-gfx-thread-allocator-block-size=16777216"
    "memorysetup-cache-allocator-block-size=4194304"
    "memorysetup-typetree-allocator-block-size=2097152"
    "memorysetup-profiler-bucket-allocator-granularity=16"
    "memorysetup-profiler-bucket-allocator-bucket-count=8"
    "memorysetup-profiler-bucket-allocator-block-size=33554432"
    "memorysetup-profiler-bucket-allocator-block-count=8"
    "memorysetup-profiler-allocator-block-size=16777216"
    "memorysetup-profiler-editor-allocator-block-size=1048576"
    "memorysetup-temp-allocator-size-main=16777216"
    "memorysetup-job-temp-allocator-block-size=2097152"
    "memorysetup-job-temp-allocator-block-size-background=1048576"
    "memorysetup-job-temp-allocator-reduction-small-platforms=262144"
    "memorysetup-temp-allocator-size-background-worker=32768"
    "memorysetup-temp-allocator-size-job-worker=262144"
    "memorysetup-temp-allocator-size-preload-manager=33554432"
    "memorysetup-temp-allocator-size-nav-mesh-worker=65536"
    "memorysetup-temp-allocator-size-audio-worker=65536"
    "memorysetup-temp-allocator-size-cloud-worker=32768"
    "memorysetup-temp-allocator-size-gi-baking-worker=262144"
    "memorysetup-temp-allocator-size-gfx=262144"
Player connection [32132] Host "[IP] 172.16.17.28 [Port] 0 [Flags] 2 [Guid] 2863997849 [EditorId] 2863997849 [Version] 1048832 [Id] WindowsEditor(7,LABJOGOS-28) [Debug] 1 [PackageName] WindowsEditor [ProjectName] Editor" joined multi-casting on [225.0.0.222:54997]...

Player connection [32132] Host "[IP] 172.16.17.28 [Port] 0 [Flags] 2 [Guid] 2863997849 [EditorId] 2863997849 [Version] 1048832 [Id] WindowsEditor(7,LABJOGOS-28) [Debug] 1 [PackageName] WindowsEditor [ProjectName] Editor" joined alternative multi-casting on [225.0.0.222:34997]...

Refreshing native plugins compatible for Editor in 75.48 ms, found 3 plugins.
Preloading 0 native plugins for Editor in 0.00 ms.
Initialize engine version: 2021.3.18f1 (3129e69bc0c7)
[Subsystems] Discovering subsystems at path C:/Users/Noturno/Documents/2021.3.18f1/Editor/Data/Resources/UnitySubsystems
[Subsystems] Discovering subsystems at path C:/Users/Noturno/Documents/GitHub/JogodeFps/Projeto3D/Assets
GfxDevice: creating device client; threaded=0; jobified=0
Direct3D:
    Version:  Direct3D 11.0 [level 11.1]
    Renderer: NVIDIA GeForce RTX 3060 (ID=0x2504)
    Vendor:   NVIDIA
    VRAM:     12142 MB
    Driver:   30.0.15.1295
Shader 'WFX/Transparent Diffuse': fallback shader 'Particles/Alpha Blended' not found
Shader 'WFX/Transparent Specular': fallback shader 'Particles/Alpha Blended' not found
Initialize mono
Mono path[0] = 'C:/Users/Noturno/Documents/2021.3.18f1/Editor/Data/Managed'
Mono path[1] = 'C:/Users/Noturno/Documents/2021.3.18f1/Editor/Data/MonoBleedingEdge/lib/mono/unityjit-win32'
Mono config path = 'C:/Users/Noturno/Documents/2021.3.18f1/Editor/Data/MonoBleedingEdge/etc'
Using monoOptions --debugger-agent=transport=dt_socket,embedding=1,server=y,suspend=n,address=127.0.0.1:56208
Begin MonoManager ReloadAssembly
Registering precompiled unity dll's ...
Register platform support module: C:/Users/Noturno/Documents/2021.3.18f1/Editor/Data/PlaybackEngines/WebGLSupport/UnityEditor.WebGL.Extensions.dll
Register platform support module: C:/Users/Noturno/Documents/2021.3.18f1/Editor/Data/PlaybackEngines/WindowsStandaloneSupport/UnityEditor.WindowsStandalone.Extensions.dll
Registered in 0.002898 seconds.
Native extension for WindowsStandalone target not found
Native extension for WebGL target not found
Refreshing native plugins compatible for Editor in 68.87 ms, found 3 plugins.
Preloading 0 native plugins for Editor in 0.00 ms.
Mono: successfully reloaded assembly
- Completed reload, in  0.714 seconds
Domain Reload Profiling:
	ReloadAssembly (715ms)
		BeginReloadAssembly (57ms)
			ExecutionOrderSort (0ms)
			DisableScriptedObjects (0ms)
			BackupInstance (0ms)
			ReleaseScriptingObjects (0ms)
			CreateAndSetChildDomain (1ms)
		EndReloadAssembly (477ms)
			LoadAssemblies (55ms)
			RebuildTransferFunctionScriptingTraits (0ms)
			SetupTypeCache (185ms)
			ReleaseScriptCaches (0ms)
			RebuildScriptCaches (25ms)
			SetupLoadedEditorAssemblies (229ms)
				LogAssemblyErrors (0ms)
				InitializePlatformSupportModulesInManaged (9ms)
				SetLoadedEditorAssemblies (0ms)
				RefreshPlugins (69ms)
				BeforeProcessingInitializeOnLoad (1ms)
				ProcessInitializeOnLoadAttributes (111ms)
				ProcessInitializeOnLoadMethodAttributes (39ms)
				AfterProcessingInitializeOnLoad (0ms)
				EditorAssembliesLoaded (0ms)
			ExecutionOrderSort2 (0ms)
			AwakeInstancesAfterBackupRestoration (0ms)
Platform modules already initialized, skipping
Registering precompiled user dll's ...
Registered in 0.004551 seconds.
Begin MonoManager ReloadAssembly
Symbol file LoadedFromMemory doesn't match image C:\Users\Noturno\Documents\GitHub\JogodeFps\Projeto3D\Library\PackageCache\com.unity.visualscripting@1.8.0\Editor\VisualScripting.Core\Dependencies\YamlDotNet\Unity.VisualScripting.YamlDotNet.dll
Symbol file LoadedFromMemory doesn't match image C:\Users\Noturno\Documents\GitHub\JogodeFps\Projeto3D\Library\PackageCache\com.unity.visualscripting@1.8.0\Editor\VisualScripting.Core\Dependencies\DotNetZip\Unity.VisualScripting.IonicZip.dll
Native extension for WindowsStandalone target not found
Native extension for WebGL target not found
Refreshing native plugins compatible for Editor in 0.53 ms, found 3 plugins.
Preloading 0 native plugins for Editor in 0.00 ms.
Mono: successfully reloaded assembly
- Completed reload, in  0.835 seconds
Domain Reload Profiling:
	ReloadAssembly (835ms)
		BeginReloadAssembly (81ms)
			ExecutionOrderSort (0ms)
			DisableScriptedObjects (4ms)
			BackupInstance (0ms)
			ReleaseScriptingObjects (0ms)
			CreateAndSetChildDomain (16ms)
		EndReloadAssembly (660ms)
			LoadAssemblies (55ms)
			RebuildTransferFunctionScriptingTraits (0ms)
			SetupTypeCache (261ms)
			ReleaseScriptCaches (1ms)
			RebuildScriptCaches (42ms)
			SetupLoadedEditorAssemblies (270ms)
				LogAssemblyErrors (0ms)
				InitializePlatformSupportModulesInManaged (5ms)
				SetLoadedEditorAssemblies (0ms)
				RefreshPlugins (1ms)
				BeforeProcessingInitializeOnLoad (67ms)
				ProcessInitializeOnLoadAttributes (178ms)
				ProcessInitializeOnLoadMethodAttributes (16ms)
				AfterProcessingInitializeOnLoad (4ms)
				EditorAssembliesLoaded (0ms)
			ExecutionOrderSort2 (0ms)
			AwakeInstancesAfterBackupRestoration (5ms)
Platform modules already initialized, skipping
========================================================================
Worker process is ready to serve import requests
Shader 'WFX/Transparent Specular': fallback shader 'Particles/Alpha Blended' not found
Shader 'WFX/Transparent Diffuse': fallback shader 'Particles/Alpha Blended' not found
Launched and connected shader compiler UnityShaderCompiler.exe after 0.06 seconds
Refreshing native plugins compatible for Editor in 0.50 ms, found 3 plugins.
Preloading 0 native plugins for Editor in 0.00 ms.
Unloading 3236 Unused Serialized files (Serialized files now loaded: 0)
Unloading 37 unused Assets / (1.3 MB). Loaded Objects now: 3692.
Memory consumption went from 124.7 MB to 123.3 MB.
Total: 2.682200 ms (FindLiveObjects: 0.226200 ms CreateObjectMapping: 0.138300 ms MarkObjects: 2.061900 ms  DeleteObjects: 0.254000 ms)

AssetImportParameters requested are different than current active one (requested -> active):
  custom:video-decoder-ogg-theora: a1e56fd34408186e4bbccfd4996cb3dc -> 
  custom:container-muxer-webm: aa71ff27fc2769a1b78a27578f13a17b -> 
  custom:container-demuxer-webm: 4f35f7cbe854078d1ac9338744f61a02 -> 
  custom:video-encoder-webm-vp8: eb34c28f22e8b96e1ab97ce403110664 -> 
  custom:video-codec-MediaFoundation-h265: 746d11721c4dcdbdad8f713fa42b33f4 -> 
  custom:audio-encoder-webm-vorbis: bf7c407c2cedff20999df2af8eb42d56 -> 
  custom:framework-win-MediaFoundation: 216162199b28c13a410421893ffa2e32 -> 
  custom:container-demuxer-ogg: 62fdf1f143b41e24485cea50d1cbac27 -> 
  custom:video-decoder-webm-vp8: 9c59270c3fd7afecdb556c50c9e8de78 -> 
  custom:audio-decoder-ogg-vorbis: bf7c407c2cedff20999df2af8eb42d56 -> 
========================================================================
Received Import Request.
  Time since last request: 297047.709076 seconds.
  path: Assets/UnityTechnologies/EffectExamples/Shared/Materials/StoneSurface.mat
  artifactKey: Guid(3eb079016c4106b41bc3f19de570f770) Importer(815301076,1909f56bfc062723c751e8b465ee728b)
Start importing Assets/UnityTechnologies/EffectExamples/Shared/Materials/StoneSurface.mat using Guid(3eb079016c4106b41bc3f19de570f770) Importer(815301076,1909f56bfc062723c751e8b465ee728b)  -> (artifact id: 'd9b6ea04157580fff9f4b70b1fa00ebb') in 0.119382 seconds 
========================================================================
Received Import Request.
  Time since last request: 3.163110 seconds.
  path: Assets/UnityTechnologies/EffectExamples/WaterEffects/Materials/WaterMistParticle.mat
  artifactKey: Guid(d0cac5b586ffc5541841ef1580df871c) Importer(815301076,1909f56bfc062723c751e8b465ee728b)
Start importing Assets/UnityTechnologies/EffectExamples/WaterEffects/Materials/WaterMistParticle.mat using Guid(d0cac5b586ffc5541841ef1580df871c) Importer(815301076,1909f56bfc062723c751e8b465ee728b)  -> (artifact id: '7ff20bfb9d57062db33a57caafefd47e') in 0.017115 seconds 
========================================================================
Received Import Request.
  Time since last request: 0.024932 seconds.
  path: Assets/UnityTechnologies/EffectExamples/WeaponEffects/Textures/WaterSplashParticle.mat
  artifactKey: Guid(b96fa6813686d9d4f844ead1ff3f9f64) Importer(815301076,1909f56bfc062723c751e8b465ee728b)
Start importing Assets/UnityTechnologies/EffectExamples/WeaponEffects/Textures/WaterSplashParticle.mat using Guid(b96fa6813686d9d4f844ead1ff3f9f64) Importer(815301076,1909f56bfc062723c751e8b465ee728b)  -> (artifact id: 'd26c17dd0f0ca177fabdc7187d7eceed') in 0.012431 seconds 
========================================================================
Received Import Request.
  Time since last request: 3.884961 seconds.
  path: Assets/UnityTechnologies/EffectExamples/WaterEffects/Materials/WaterTrailParticle.mat
  artifactKey: Guid(2cf2d564c8b1c7a469f8711c96c0efaa) Importer(815301076,1909f56bfc062723c751e8b465ee728b)
Start importing Assets/UnityTechnologies/EffectExamples/WaterEffects/Materials/WaterTrailParticle.mat using Guid(2cf2d564c8b1c7a469f8711c96c0efaa) Importer(815301076,1909f56bfc062723c751e8b465ee728b)  -> (artifact id: 'a2c2abe6516da5814524d67720905b2e') in 0.015113 seconds 
========================================================================
Received Import Request.
  Time since last request: 0.031608 seconds.
  path: Assets/JMO Assets/WarFX/Desktop/Materials/Bullet Holes/WFX_BulletHole Concrete Lighted.mat
  artifactKey: Guid(510d824c243583b488605ed79cd5f7d0) Importer(815301076,1909f56bfc062723c751e8b465ee728b)
Start importing Assets/JMO Assets/WarFX/Desktop/Materials/Bullet Holes/WFX_BulletHole Concrete Lighted.mat using Guid(510d824c243583b488605ed79cd5f7d0) Importer(815301076,1909f56bfc062723c751e8b465ee728b)  -> (artifact id: '7df58914abcee3f85d55441513316329') in 0.062459 seconds 
========================================================================
Received Import Request.
  Time since last request: 2.407580 seconds.
  path: Assets/JMO Assets/WarFX/Desktop/Materials/Bullet Holes/WFX_BulletHole Generic Dirt.mat
  artifactKey: Guid(d1cd8b9b3c7d785469e17f97b682c90a) Importer(815301076,1909f56bfc062723c751e8b465ee728b)
Start importing Assets/JMO Assets/WarFX/Desktop/Materials/Bullet Holes/WFX_BulletHole Generic Dirt.mat using Guid(d1cd8b9b3c7d785469e17f97b682c90a) Importer(815301076,1909f56bfc062723c751e8b465ee728b)  -> (artifact id: '93bea3d97eb0d77eed139019ecf1deae') in 0.019429 seconds 
========================================================================
Received Import Request.
  Time since last request: 0.033929 seconds.
  path: Assets/JMO Assets/WarFX/Desktop/Materials/Bullet Holes/WFX_BulletHole Metal.mat
  artifactKey: Guid(042184d6004731842a52c613f8df564d) Importer(815301076,1909f56bfc062723c751e8b465ee728b)
Start importing Assets/JMO Assets/WarFX/Desktop/Materials/Bullet Holes/WFX_BulletHole Metal.mat using Guid(042184d6004731842a52c613f8df564d) Importer(815301076,1909f56bfc062723c751e8b465ee728b)  -> (artifact id: '38f1468bd916b4bf62581878c5125be6') in 0.015541 seconds 
========================================================================
Received Import Request.
  Time since last request: 1.609722 seconds.
  path: Assets/JMO Assets/WarFX/Desktop/Materials/Bullet Holes/WFX_BulletHole Wood.mat
  artifactKey: Guid(c301bbc4eedf9c641921c1affecab38f) Importer(815301076,1909f56bfc062723c751e8b465ee728b)
Start importing Assets/JMO Assets/WarFX/Desktop/Materials/Bullet Holes/WFX_BulletHole Wood.mat using Guid(c301bbc4eedf9c641921c1affecab38f) Importer(815301076,1909f56bfc062723c751e8b465ee728b)  -> (artifact id: 'ee08886dc7d1b480a5f8ab4491ef59e7') in 0.018816 seconds 
========================================================================
Received Import Request.
  Time since last request: 0.037100 seconds.
  path: Assets/JMO Assets/WarFX/Demo/Assets/WFX_Demo_M_Checker Wall.mat
  artifactKey: Guid(af09f8959d2e3e5409129ec9ec5ab06e) Importer(815301076,1909f56bfc062723c751e8b465ee728b)
Start importing Assets/JMO Assets/WarFX/Demo/Assets/WFX_Demo_M_Checker Wall.mat using Guid(af09f8959d2e3e5409129ec9ec5ab06e) Importer(815301076,1909f56bfc062723c751e8b465ee728b)  -> (artifact id: '217332ac7b2c5ff93d6396caa8be6f15') in 0.014957 seconds 
========================================================================
Received Import Request.
  Time since last request: 0.254279 seconds.
  path: Assets/JMO Assets/WarFX/Demo/Assets/WFX_Demo_M_M4.mat
  artifactKey: Guid(59a86acc489cd454cbc07c4848d68ef3) Importer(815301076,1909f56bfc062723c751e8b465ee728b)
Start importing Assets/JMO Assets/WarFX/Demo/Assets/WFX_Demo_M_M4.mat using Guid(59a86acc489cd454cbc07c4848d68ef3) Importer(815301076,1909f56bfc062723c751e8b465ee728b)  -> (artifact id: 'c41fb417ffc46c654a2f6ef91099d380') in 0.197196 seconds 
========================================================================
Received Import Request.
  Time since last request: 4.889797 seconds.
  path: Assets/JMO Assets/WarFX/Demo/Assets/WFX_Demo_T_Checker.tga
  artifactKey: Guid(54c2645bfa981ee44bfdce36b7823367) Importer(815301076,1909f56bfc062723c751e8b465ee728b)
Start importing Assets/JMO Assets/WarFX/Demo/Assets/WFX_Demo_T_Checker.tga using Guid(54c2645bfa981ee44bfdce36b7823367) Importer(815301076,1909f56bfc062723c751e8b465ee728b)  -> (artifact id: 'b86339cc0b4bfc55f0ec68cfcb894e18') in 0.080548 seconds 
========================================================================
Received Import Request.
  Time since last request: 0.000029 seconds.
  path: Assets/JMO Assets/WarFX/Demo/Assets/WFX_Demo_T_Wood Normal.tga
  artifactKey: Guid(d5bbdfb7cec442b408c8834fcadb7b55) Importer(815301076,1909f56bfc062723c751e8b465ee728b)
Start importing Assets/JMO Assets/WarFX/Demo/Assets/WFX_Demo_T_Wood Normal.tga using Guid(d5bbdfb7cec442b408c8834fcadb7b55) Importer(815301076,1909f56bfc062723c751e8b465ee728b)  -> (artifact id: 'e83f62adb370a3c47976f7587de43609') in 0.013881 seconds 
========================================================================
Received Import Request.
  Time since last request: 5.559709 seconds.
  path: Assets/JMO Assets/WarFX/Desktop/Materials/Flames/WFX_M_FlameBig Add.mat
  artifactKey: Guid(5a595d561ddb2ac4aad808dc54e08e6a) Importer(815301076,1909f56bfc062723c751e8b465ee728b)
Start importing Assets/JMO Assets/WarFX/Desktop/Materials/Flames/WFX_M_FlameBig Add.mat using Guid(5a595d561ddb2ac4aad808dc54e08e6a) Importer(815301076,1909f56bfc062723c751e8b465ee728b)  -> (artifact id: '278d82f6e11018c95c234a8b41afae32') in 0.020650 seconds 
========================================================================
Received Import Request.
  Time since last request: 0.035499 seconds.
  path: Assets/JMO Assets/WarFX/Desktop/Materials/Flames/WFX_M_FlameSmall ScrollAdd.mat
  artifactKey: Guid(654261d22ff230341bd50c7ddb17c2c7) Importer(815301076,1909f56bfc062723c751e8b465ee728b)
Start importing Assets/JMO Assets/WarFX/Desktop/Materials/Flames/WFX_M_FlameSmall ScrollAdd.mat using Guid(654261d22ff230341bd50c7ddb17c2c7) Importer(815301076,1909f56bfc062723c751e8b465ee728b)  -> (artifact id: '91f920e2d834c8e4ebb05da35432e1d4') in 0.015556 seconds 
========================================================================
Received Import Request.
  Time since last request: 0.303085 seconds.
  path: Assets/JMO Assets/WarFX/Desktop/Materials/Misc/WFX_M_GroundGlow Add.mat
  artifactKey: Guid(e0d80b657ecab7c4b9ce24628b2dc682) Importer(815301076,1909f56bfc062723c751e8b465ee728b)
Start importing Assets/JMO Assets/WarFX/Desktop/Materials/Misc/WFX_M_GroundGlow Add.mat using Guid(e0d80b657ecab7c4b9ce24628b2dc682) Importer(815301076,1909f56bfc062723c751e8b465ee728b)  -> (artifact id: '7a83364b8d9ca9bc434facdc0e0737fd') in 0.020091 seconds 
========================================================================
Received Import Request.
  Time since last request: 0.037760 seconds.
  path: Assets/JMO Assets/WarFX/Desktop/Materials/Impacts/WFX_M_Impact WoodDebris.mat
  artifactKey: Guid(078ce4622ab78df4aa7130cddc6c0b5c) Importer(815301076,1909f56bfc062723c751e8b465ee728b)
Start importing Assets/JMO Assets/WarFX/Desktop/Materials/Impacts/WFX_M_Impact WoodDebris.mat using Guid(078ce4622ab78df4aa7130cddc6c0b5c) Importer(815301076,1909f56bfc062723c751e8b465ee728b)  -> (artifact id: '9346b211fb5fd993ee83fd4e3ecd426c') in 0.019842 seconds 
========================================================================
Received Import Request.
  Time since last request: 0.019514 seconds.
  path: Assets/JMO Assets/WarFX/Desktop/Materials/MuzzleFlashes/WFX_M_MF FrontRear RIFLE3.mat
  artifactKey: Guid(28045a2b25553844db8bb7a4668049f4) Importer(815301076,1909f56bfc062723c751e8b465ee728b)
Start importing Assets/JMO Assets/WarFX/Desktop/Materials/MuzzleFlashes/WFX_M_MF FrontRear RIFLE3.mat using Guid(28045a2b25553844db8bb7a4668049f4) Importer(815301076,1909f56bfc062723c751e8b465ee728b)  -> (artifact id: 'cdf6d09227748f307bb8abfc9739aaa2') in 0.025467 seconds 
========================================================================
Received Import Request.
  Time since last request: 0.345390 seconds.
  path: Assets/JMO Assets/WarFX/Desktop/Materials/MuzzleFlashes/WFX_M_MF Side RIFLE3.mat
  artifactKey: Guid(08803d215d76c924c8318bec4eeffab5) Importer(815301076,1909f56bfc062723c751e8b465ee728b)
Start importing Assets/JMO Assets/WarFX/Desktop/Materials/MuzzleFlashes/WFX_M_MF Side RIFLE3.mat using Guid(08803d215d76c924c8318bec4eeffab5) Importer(815301076,1909f56bfc062723c751e8b465ee728b)  -> (artifact id: 'a95940972ba0c9385c9124eba9e6c168') in 0.021400 seconds 
========================================================================
Received Import Request.
  Time since last request: 0.034381 seconds.
  path: Assets/JMO Assets/WarFX/Desktop/Materials/Flames/WFX_M_NukeFlames ScrollAdd.mat
  artifactKey: Guid(9d5f92a71e0e19a4a99c1f7785e13a17) Importer(815301076,1909f56bfc062723c751e8b465ee728b)
Start importing Assets/JMO Assets/WarFX/Desktop/Materials/Flames/WFX_M_NukeFlames ScrollAdd.mat using Guid(9d5f92a71e0e19a4a99c1f7785e13a17) Importer(815301076,1909f56bfc062723c751e8b465ee728b)  -> (artifact id: 'a56e13ef719b3bac40c4c9a6c64db8eb') in 0.022703 seconds 
========================================================================
Received Import Request.
  Time since last request: 0.508974 seconds.
  path: Assets/JMO Assets/WarFX/Desktop/Materials/Smoke/WFX_M_Smoke SoftMult.mat
  artifactKey: Guid(eb2412df5134fe749b8468bef9340100) Importer(815301076,1909f56bfc062723c751e8b465ee728b)
Start importing Assets/JMO Assets/WarFX/Desktop/Materials/Smoke/WFX_M_Smoke SoftMult.mat using Guid(eb2412df5134fe749b8468bef9340100) Importer(815301076,1909f56bfc062723c751e8b465ee728b)  -> (artifact id: 'fc2999794d784f83ccb79178d1360c61') in 0.014394 seconds 
========================================================================
Received Import Request.
  Time since last request: 0.026202 seconds.
  path: Assets/JMO Assets/WarFX/Desktop/Materials/Smoke/WFX_M_SmokeGrenadeWhite.mat
  artifactKey: Guid(8125e28080ea54248a42c7c6494cd5b4) Importer(815301076,1909f56bfc062723c751e8b465ee728b)
Start importing Assets/JMO Assets/WarFX/Desktop/Materials/Smoke/WFX_M_SmokeGrenadeWhite.mat using Guid(8125e28080ea54248a42c7c6494cd5b4) Importer(815301076,1909f56bfc062723c751e8b465ee728b)  -> (artifact id: '860218822d695bcc404c3b1dca2fa26c') in 0.015404 seconds 
========================================================================
Received Import Request.
  Time since last request: 0.048498 seconds.
  path: Assets/JMO Assets/WarFX/Desktop/Materials/Smoke/WFX_M_SmokeScroll Add.mat
  artifactKey: Guid(08860f5a2ea791b418ad49e30b240d79) Importer(815301076,1909f56bfc062723c751e8b465ee728b)
Start importing Assets/JMO Assets/WarFX/Desktop/Materials/Smoke/WFX_M_SmokeScroll Add.mat using Guid(08860f5a2ea791b418ad49e30b240d79) Importer(815301076,1909f56bfc062723c751e8b465ee728b)  -> (artifact id: '9ee1fdf266ceacb6dfd657f544079fd8') in 0.014675 seconds 
========================================================================
Received Import Request.
  Time since last request: 0.043260 seconds.
  path: Assets/JMO Assets/WarFX/Desktop/Materials/Smoke/WFX_M_SmokeScroll SoftMult Average.mat
  artifactKey: Guid(e76fbe3a66fef0445892f29dfcd43126) Importer(815301076,1909f56bfc062723c751e8b465ee728b)
Start importing Assets/JMO Assets/WarFX/Desktop/Materials/Smoke/WFX_M_SmokeScroll SoftMult Average.mat using Guid(e76fbe3a66fef0445892f29dfcd43126) Importer(815301076,1909f56bfc062723c751e8b465ee728b)  -> (artifact id: '15f444f4f0640031dbb4d2dde8d20dac') in 0.015775 seconds 
========================================================================
Received Import Request.
  Time since last request: 0.311545 seconds.
  path: Assets/JMO Assets/WarFX/Desktop/Materials/Impacts/WFX_M_Sparks Metal.mat
  artifactKey: Guid(f694f40c6e4a192408764416581ed108) Importer(815301076,1909f56bfc062723c751e8b465ee728b)
Start importing Assets/JMO Assets/WarFX/Desktop/Materials/Impacts/WFX_M_Sparks Metal.mat using Guid(f694f40c6e4a192408764416581ed108) Importer(815301076,1909f56bfc062723c751e8b465ee728b)  -> (artifact id: '876b20439ec5d4b341dfdd09ae7b5373') in 0.028859 seconds 
========================================================================
Received Import Request.
  Time since last request: 0.046351 seconds.
  path: Assets/JMO Assets/WarFX/Mobile/Materials/Bullet Holes/WFXM_BulletHole Concrete Lighted.mat
  artifactKey: Guid(fe2101610378f0e41a0cdc27eb74f98c) Importer(815301076,1909f56bfc062723c751e8b465ee728b)
Start importing Assets/JMO Assets/WarFX/Mobile/Materials/Bullet Holes/WFXM_BulletHole Concrete Lighted.mat using Guid(fe2101610378f0e41a0cdc27eb74f98c) Importer(815301076,1909f56bfc062723c751e8b465ee728b)  -> (artifact id: 'ca03a529ccff223532e94b21e0383515') in 0.017630 seconds 
========================================================================
Received Import Request.
  Time since last request: 0.340190 seconds.
  path: Assets/JMO Assets/WarFX/Mobile/Materials/Bullet Holes/WFXM_BulletHole Generic Dirt.mat
  artifactKey: Guid(12e384003051d804d826efc716fc5f73) Importer(815301076,1909f56bfc062723c751e8b465ee728b)
Start importing Assets/JMO Assets/WarFX/Mobile/Materials/Bullet Holes/WFXM_BulletHole Generic Dirt.mat using Guid(12e384003051d804d826efc716fc5f73) Importer(815301076,1909f56bfc062723c751e8b465ee728b)  -> (artifact id: 'c7770f6e8cb55abb536cf34960fdceba') in 0.020028 seconds 
========================================================================
Received Import Request.
  Time since last request: 0.067219 seconds.
  path: Assets/JMO Assets/WarFX/Mobile/Materials/Bullet Holes/WFXM_BulletHole Wood.mat
  artifactKey: Guid(da45bc001784dc244a47f5336a146bfc) Importer(815301076,1909f56bfc062723c751e8b465ee728b)
Start importing Assets/JMO Assets/WarFX/Mobile/Materials/Bullet Holes/WFXM_BulletHole Wood.mat using Guid(da45bc001784dc244a47f5336a146bfc) Importer(815301076,1909f56bfc062723c751e8b465ee728b)  -> (artifact id: '558cfb6e6d4af36f33f48e2d9b372c6a') in 0.019024 seconds 
========================================================================
Received Import Request.
  Time since last request: 0.788621 seconds.
  path: Assets/JMO Assets/WarFX/Mobile/Materials/Flames/WFXM_M_ExplosionFlames Add.mat
  artifactKey: Guid(48a925b6c99a1dc41b7efda3989ecde2) Importer(815301076,1909f56bfc062723c751e8b465ee728b)
Start importing Assets/JMO Assets/WarFX/Mobile/Materials/Flames/WFXM_M_ExplosionFlames Add.mat using Guid(48a925b6c99a1dc41b7efda3989ecde2) Importer(815301076,1909f56bfc062723c751e8b465ee728b)  -> (artifact id: '9943399fd20b64b165eb4a9149467154') in 0.019357 seconds 
========================================================================
Received Import Request.
  Time since last request: 0.026546 seconds.
  path: Assets/JMO Assets/WarFX/Mobile/Materials/Smoke/WFXM_M_ExplosiveSmoke.mat
  artifactKey: Guid(de58791328b0aa24fbc546436e2ab448) Importer(815301076,1909f56bfc062723c751e8b465ee728b)
Start importing Assets/JMO Assets/WarFX/Mobile/Materials/Smoke/WFXM_M_ExplosiveSmoke.mat using Guid(de58791328b0aa24fbc546436e2ab448) Importer(815301076,1909f56bfc062723c751e8b465ee728b)  -> (artifact id: '08e1aaae408e7c230660ef6fe0e4b15f') in 0.020160 seconds 
========================================================================
Received Import Request.
  Time since last request: 0.048629 seconds.
  path: Assets/JMO Assets/WarFX/Mobile/Materials/Flames/WFXM_M_FlameSmall ScrollAdd.mat
  artifactKey: Guid(70772a3d4102d07468e841ebff06d1f2) Importer(815301076,1909f56bfc062723c751e8b465ee728b)
Start importing Assets/JMO Assets/WarFX/Mobile/Materials/Flames/WFXM_M_FlameSmall ScrollAdd.mat using Guid(70772a3d4102d07468e841ebff06d1f2) Importer(815301076,1909f56bfc062723c751e8b465ee728b)  -> (artifact id: 'b36c98b7dec162210c5fcf7a7fd909da') in 0.017265 seconds 
========================================================================
Received Import Request.
  Time since last request: 0.298041 seconds.
  path: Assets/JMO Assets/WarFX/Mobile/Materials/Misc/WFXM_M_GroundGlow Add.mat
  artifactKey: Guid(d6d92f40e7533cf47b41548fdff21781) Importer(815301076,1909f56bfc062723c751e8b465ee728b)
Start importing Assets/JMO Assets/WarFX/Mobile/Materials/Misc/WFXM_M_GroundGlow Add.mat using Guid(d6d92f40e7533cf47b41548fdff21781) Importer(815301076,1909f56bfc062723c751e8b465ee728b)  -> (artifact id: 'cfe23e480ec4adfcb23f77e6f84adb99') in 0.019820 seconds 
========================================================================
Received Import Request.
  Time since last request: 0.575275 seconds.
  path: Assets/JMO Assets/WarFX/Mobile/Materials/MuzzleFlashes/WFXM_M_MF FrontRear RIFLE1.mat
  artifactKey: Guid(7fb70de7974e0404cae2a4b3124fce2b) Importer(815301076,1909f56bfc062723c751e8b465ee728b)
Start importing Assets/JMO Assets/WarFX/Mobile/Materials/MuzzleFlashes/WFXM_M_MF FrontRear RIFLE1.mat using Guid(7fb70de7974e0404cae2a4b3124fce2b) Importer(815301076,1909f56bfc062723c751e8b465ee728b)  -> (artifact id: '0af4a4f7612c16d80ffbd8745209e0fc') in 0.014987 seconds 
========================================================================
Received Import Request.
  Time since last request: 0.374140 seconds.
  path: Assets/JMO Assets/WarFX/Mobile/Materials/MuzzleFlashes/WFXM_M_MF FrontRear RIFLE3.mat
  artifactKey: Guid(cc458c57280d0bf48a81573e7dc674aa) Importer(815301076,1909f56bfc062723c751e8b465ee728b)
Start importing Assets/JMO Assets/WarFX/Mobile/Materials/MuzzleFlashes/WFXM_M_MF FrontRear RIFLE3.mat using Guid(cc458c57280d0bf48a81573e7dc674aa) Importer(815301076,1909f56bfc062723c751e8b465ee728b)  -> (artifact id: '63ed874b33a8d780476989a7fab631d0') in 0.027407 seconds 
========================================================================
Received Import Request.
  Time since last request: 0.039214 seconds.
  path: Assets/JMO Assets/WarFX/Mobile/Materials/MuzzleFlashes/WFXM_M_MF Side RIFLE1.mat
  artifactKey: Guid(5670cff32df718c4e8424e5e4fb3cf46) Importer(815301076,1909f56bfc062723c751e8b465ee728b)
Start importing Assets/JMO Assets/WarFX/Mobile/Materials/MuzzleFlashes/WFXM_M_MF Side RIFLE1.mat using Guid(5670cff32df718c4e8424e5e4fb3cf46) Importer(815301076,1909f56bfc062723c751e8b465ee728b)  -> (artifact id: 'af9837ecf650329e38c1f2721794dbf9') in 0.016908 seconds 
========================================================================
Received Import Request.
  Time since last request: 0.480176 seconds.
  path: Assets/JMO Assets/WarFX/Mobile/Materials/MuzzleFlashes/WFXM_M_MF Side RIFLE3.mat
  artifactKey: Guid(b71afc5edbc2da1479a3af6d2cb56d08) Importer(815301076,1909f56bfc062723c751e8b465ee728b)
Start importing Assets/JMO Assets/WarFX/Mobile/Materials/MuzzleFlashes/WFXM_M_MF Side RIFLE3.mat using Guid(b71afc5edbc2da1479a3af6d2cb56d08) Importer(815301076,1909f56bfc062723c751e8b465ee728b)  -> (artifact id: '0bf05ea14740995fcc79cefa40c68948') in 0.020552 seconds 
========================================================================
Received Import Request.
  Time since last request: 0.017421 seconds.
  path: Assets/JMO Assets/WarFX/Mobile/Materials/MuzzleFlashes/WFXM_M_MF Sparks RIFLE2.mat
  artifactKey: Guid(4dde6e2427a9e8f4d9eb28f4a4b7aedc) Importer(815301076,1909f56bfc062723c751e8b465ee728b)
Start importing Assets/JMO Assets/WarFX/Mobile/Materials/MuzzleFlashes/WFXM_M_MF Sparks RIFLE2.mat using Guid(4dde6e2427a9e8f4d9eb28f4a4b7aedc) Importer(815301076,1909f56bfc062723c751e8b465ee728b)  -> (artifact id: '071bd651735f1e43245731c994526897') in 0.016736 seconds 
========================================================================
Received Import Request.
  Time since last request: 0.335095 seconds.
  path: Assets/JMO Assets/WarFX/Mobile/Materials/Flames/WFXM_M_NukeFlames ScrollAdd.mat
  artifactKey: Guid(25f9427aaa71280449abc746714701e9) Importer(815301076,1909f56bfc062723c751e8b465ee728b)
Start importing Assets/JMO Assets/WarFX/Mobile/Materials/Flames/WFXM_M_NukeFlames ScrollAdd.mat using Guid(25f9427aaa71280449abc746714701e9) Importer(815301076,1909f56bfc062723c751e8b465ee728b)  -> (artifact id: 'a0ee89a0e505c808ab6e430cf50dc019') in 0.030217 seconds 
========================================================================
Received Import Request.
  Time since last request: 0.033999 seconds.
  path: Assets/JMO Assets/WarFX/Mobile/Materials/Smoke/WFXM_M_Smoke SoftMult.mat
  artifactKey: Guid(fe481424cfe6854488d84d32d6408432) Importer(815301076,1909f56bfc062723c751e8b465ee728b)
Start importing Assets/JMO Assets/WarFX/Mobile/Materials/Smoke/WFXM_M_Smoke SoftMult.mat using Guid(fe481424cfe6854488d84d32d6408432) Importer(815301076,1909f56bfc062723c751e8b465ee728b)  -> (artifact id: '3a5c383616273d3bc47e7a5f5e094349') in 0.012889 seconds 
========================================================================
Received Import Request.
  Time since last request: 0.017881 seconds.
  path: Assets/JMO Assets/WarFX/Mobile/Materials/Smoke/WFXM_M_SmokeGrenadeWhite.mat
  artifactKey: Guid(4540f773421d3ec4185a42a2627049dd) Importer(815301076,1909f56bfc062723c751e8b465ee728b)
Start importing Assets/JMO Assets/WarFX/Mobile/Materials/Smoke/WFXM_M_SmokeGrenadeWhite.mat using Guid(4540f773421d3ec4185a42a2627049dd) Importer(815301076,1909f56bfc062723c751e8b465ee728b)  -> (artifact id: '9b70ba27dc4cab09a7b226d508e5d5c5') in 0.012985 seconds 
========================================================================
Received Import Request.
  Time since last request: 1.710723 seconds.
  path: Assets/JMO Assets/WarFX/Mobile/Materials/Smoke/WFXM_M_SmokeScroll Add.mat
  artifactKey: Guid(ac5e326588327d841b2501709f9b491e) Importer(815301076,1909f56bfc062723c751e8b465ee728b)
Start importing Assets/JMO Assets/WarFX/Mobile/Materials/Smoke/WFXM_M_SmokeScroll Add.mat using Guid(ac5e326588327d841b2501709f9b491e) Importer(815301076,1909f56bfc062723c751e8b465ee728b)  -> (artifact id: '91c3fc6e2bdfcb2e6866b70005ce3f0f') in 0.016171 seconds 
========================================================================
Received Import Request.
  Time since last request: 0.033868 seconds.
  path: Assets/JMO Assets/WarFX/Mobile/Materials/Smoke/WFXM_M_SmokeScroll SoftMult Average.mat
  artifactKey: Guid(9ca9f155195f14e4ebcae976fd798028) Importer(815301076,1909f56bfc062723c751e8b465ee728b)
Start importing Assets/JMO Assets/WarFX/Mobile/Materials/Smoke/WFXM_M_SmokeScroll SoftMult Average.mat using Guid(9ca9f155195f14e4ebcae976fd798028) Importer(815301076,1909f56bfc062723c751e8b465ee728b)  -> (artifact id: 'ccfe0a1f8a4f308f4f8bb8efca9475c5') in 0.016403 seconds 
========================================================================
Received Import Request.
  Time since last request: 0.010247 seconds.
  path: Assets/JMO Assets/WarFX/Mobile/Materials/Impacts/WFXM_M_Sparks Metal.mat
  artifactKey: Guid(a54ba3179ee833e4f85472f16ca41d2b) Importer(815301076,1909f56bfc062723c751e8b465ee728b)
Start importing Assets/JMO Assets/WarFX/Mobile/Materials/Impacts/WFXM_M_Sparks Metal.mat using Guid(a54ba3179ee833e4f85472f16ca41d2b) Importer(815301076,1909f56bfc062723c751e8b465ee728b)  -> (artifact id: 'ef6e836f35648c3985a0f87e359c5687') in 0.016833 seconds 
========================================================================
Received Import Request.
  Time since last request: 0.296019 seconds.
  path: Assets/JMO Assets/WarFX/Mobile/Materials/Misc/WFXM_M_StretchPalet.mat
  artifactKey: Guid(ae862d3e96e550448b065f9e4e239fa6) Importer(815301076,1909f56bfc062723c751e8b465ee728b)
Start importing Assets/JMO Assets/WarFX/Mobile/Materials/Misc/WFXM_M_StretchPalet.mat using Guid(ae862d3e96e550448b065f9e4e239fa6) Importer(815301076,1909f56bfc062723c751e8b465ee728b)  -> (artifact id: '8effadd8183ced27a2cf15d2f852161c') in 0.028938 seconds 
========================================================================
Received Import Request.
  Time since last request: 0.312802 seconds.
  path: Assets/UnityTechnologies/EffectExamples/Shared/Materials/WoodSurface.mat
  artifactKey: Guid(ce4b77858ec6c0f469b07b034c21a85f) Importer(815301076,1909f56bfc062723c751e8b465ee728b)
Start importing Assets/UnityTechnologies/EffectExamples/Shared/Materials/WoodSurface.mat using Guid(ce4b77858ec6c0f469b07b034c21a85f) Importer(815301076,1909f56bfc062723c751e8b465ee728b)  -> (artifact id: '90fd91bf8ee6ab9b178eeab70287ac5a') in 0.038144 seconds 
========================================================================
Received Import Request.
  Time since last request: 0.024627 seconds.
  path: Assets/alien character/Mesh/Materials/оружие дифуз.mat
  artifactKey: Guid(cfff375c3e83946428a5be16fe2d3a02) Importer(815301076,1909f56bfc062723c751e8b465ee728b)
Start importing Assets/alien character/Mesh/Materials/оружие дифуз.mat using Guid(cfff375c3e83946428a5be16fe2d3a02) Importer(815301076,1909f56bfc062723c751e8b465ee728b)  -> (artifact id: '3394b3977a0a826ffd287f1b388385c6') in 0.013492 seconds 
========================================================================
Received Import Request.
  Time since last request: 7.669126 seconds.
  path: Assets/UnityTechnologies/EffectExamples/WeaponEffects/Models/Materials/No Name.mat
  artifactKey: Guid(547f2e9db866947dabf6f55d8673905d) Importer(815301076,1909f56bfc062723c751e8b465ee728b)
Start importing Assets/UnityTechnologies/EffectExamples/WeaponEffects/Models/Materials/No Name.mat using Guid(547f2e9db866947dabf6f55d8673905d) Importer(815301076,1909f56bfc062723c751e8b465ee728b)  -> (artifact id: 'e600f763a6d17e5ef255ece4d2e9e136') in 0.012486 seconds 
Editor requested this worker to shutdown with reason: Scaling down because of idle timeout
AssetImportWorker is now disconnected from the server
Process exiting
Exiting without the bug reporter. Application will terminate with return code 0